[2022-02-14T20:28:43.128Z] Validating found git in: git
[2022-02-14T20:28:43.214Z] Using git 2.25.1 from git
[2022-02-14T20:28:43.297Z] > git rev-parse --git-dir [5ms]
[2022-02-14T20:28:43.307Z] Open repository: /home/jamal/selenium-example
[2022-02-14T20:28:43.332Z] > git symbolic-ref --short HEAD [8ms]
[2022-02-14T20:28:43.370Z] > git for-each-ref --format=%(refname)%00%(upstream:short)%00%(objectname)%00%(upstream:track) refs/heads/main refs/remotes/main [35ms]
[2022-02-14T20:28:43.378Z] > git for-each-ref --sort -committerdate --format %(refname) %(objectname) %(*objectname) [5ms]
[2022-02-14T20:28:43.383Z] > git remote --verbose [7ms]
[2022-02-14T20:28:43.418Z] > git config --get commit.template [27ms]
[2022-02-14T20:28:43.709Z] > git ls-files --stage -- /home/jamal/selenium-example/tests/test_int.py [4ms]
[2022-02-14T20:28:43.717Z] > git cat-file -s b5678f98550b499fa54e3e19102684e39c648ee0 [5ms]
[2022-02-14T20:29:04.852Z] > git ls-files --stage -- /home/jamal/selenium-example/app.py [4ms]
[2022-02-14T20:29:04.857Z] > git cat-file -s f2f9b6c9313c7770e5481082f64ab0bffb04a907 [3ms]
[2022-02-14T20:29:09.325Z] > git ls-files --stage -- /home/jamal/selenium-example/create.py [4ms]
[2022-02-14T20:29:09.330Z] > git cat-file -s 36c41708bc501dae5692096f87f59a881ceab521 [1ms]
[2022-02-14T20:29:10.236Z] > git ls-files --stage -- /home/jamal/selenium-example/app.py [4ms]
[2022-02-14T20:29:10.240Z] > git cat-file -s f2f9b6c9313c7770e5481082f64ab0bffb04a907 [2ms]
[2022-02-14T20:29:12.087Z] > git ls-files --stage -- /home/jamal/selenium-example/tests/__init__.py [6ms]
[2022-02-14T20:29:12.093Z] > git cat-file -s e69de29bb2d1d6434b8b29ae775ad8c2e48c5391 [2ms]
[2022-02-14T20:29:12.678Z] > git ls-files --stage -- /home/jamal/selenium-example/tests/test_int.py [4ms]
[2022-02-14T20:29:12.682Z] > git cat-file -s b5678f98550b499fa54e3e19102684e39c648ee0 [2ms]
[2022-02-14T20:29:22.567Z] > git ls-files --stage -- /home/jamal/selenium-example/application/models.py [5ms]
[2022-02-14T20:29:22.570Z] > git cat-file -s 8bb9010bdf6e784b0a78219db96323c9f7ced975 [1ms]
[2022-02-14T20:29:23.322Z] > git ls-files --stage -- /home/jamal/selenium-example/application/routes.py [3ms]
[2022-02-14T20:29:23.326Z] > git cat-file -s 6c9fecfff71f49ac5774ceed3d0b577f25f4b03f [1ms]
[2022-02-14T20:29:28.056Z] > git ls-files --stage -- /home/jamal/selenium-example/application/models.py [3ms]
[2022-02-14T20:29:28.060Z] > git cat-file -s 8bb9010bdf6e784b0a78219db96323c9f7ced975 [1ms]
[2022-02-14T20:29:29.519Z] > git ls-files --stage -- /home/jamal/selenium-example/application/forms.py [4ms]
[2022-02-14T20:29:29.523Z] > git cat-file -s 04cd7b1a9073761a4f2fb93ab84ae8369737960d [2ms]
[2022-02-14T20:31:19.162Z] > git symbolic-ref --short HEAD [5ms]
[2022-02-14T20:31:19.171Z] > git for-each-ref --format=%(refname)%00%(upstream:short)%00%(objectname)%00%(upstream:track) refs/heads/main refs/remotes/main [4ms]
[2022-02-14T20:31:19.185Z] > git for-each-ref --sort -committerdate --format %(refname) %(objectname) %(*objectname) [9ms]
[2022-02-14T20:31:19.187Z] > git remote --verbose [3ms]
[2022-02-14T20:31:19.198Z] > git config --get commit.template [3ms]
[2022-02-14T20:31:24.752Z] > git symbolic-ref --short HEAD [3ms]
[2022-02-14T20:31:24.762Z] > git for-each-ref --format=%(refname)%00%(upstream:short)%00%(objectname)%00%(upstream:track) refs/heads/main refs/remotes/main [2ms]
[2022-02-14T20:31:24.769Z] > git for-each-ref --sort -committerdate --format %(refname) %(objectname) %(*objectname) [5ms]
[2022-02-14T20:31:24.772Z] > git remote --verbose [3ms]
[2022-02-14T20:31:24.779Z] > git config --get commit.template [2ms]
[2022-02-14T20:32:31.435Z] > git symbolic-ref --short HEAD [2ms]
[2022-02-14T20:32:31.440Z] > git for-each-ref --format=%(refname)%00%(upstream:short)%00%(objectname)%00%(upstream:track) refs/heads/main refs/remotes/main [2ms]
[2022-02-14T20:32:31.448Z] > git for-each-ref --sort -committerdate --format %(refname) %(objectname) %(*objectname) [4ms]
[2022-02-14T20:32:31.451Z] > git remote --verbose [3ms]
[2022-02-14T20:32:31.456Z] > git config --get commit.template [1ms]
[2022-02-14T20:32:37.661Z] > git symbolic-ref --short HEAD [2ms]
[2022-02-14T20:32:37.666Z] > git for-each-ref --format=%(refname)%00%(upstream:short)%00%(objectname)%00%(upstream:track) refs/heads/main refs/remotes/main [2ms]
[2022-02-14T20:32:37.673Z] > git for-each-ref --sort -committerdate --format %(refname) %(objectname) %(*objectname) [4ms]
[2022-02-14T20:32:37.675Z] > git remote --verbose [3ms]
[2022-02-14T20:32:37.681Z] > git config --get commit.template [2ms]
[2022-02-14T20:32:42.694Z] > git symbolic-ref --short HEAD [2ms]
[2022-02-14T20:32:42.698Z] > git for-each-ref --format=%(refname)%00%(upstream:short)%00%(objectname)%00%(upstream:track) refs/heads/main refs/remotes/main [1ms]
[2022-02-14T20:32:42.705Z] > git for-each-ref --sort -committerdate --format %(refname) %(objectname) %(*objectname) [4ms]
[2022-02-14T20:32:42.706Z] > git remote --verbose [2ms]
[2022-02-14T20:32:42.712Z] > git config --get commit.template [2ms]
[2022-02-14T20:33:05.163Z] > git ls-files --stage -- /home/jamal/selenium-example/application/models.py [3ms]
[2022-02-14T20:33:05.171Z] > git cat-file -s 8bb9010bdf6e784b0a78219db96323c9f7ced975 [5ms]
[2022-02-14T20:33:11.006Z] > git ls-files --stage -- /home/jamal/selenium-example/application/forms.py [4ms]
[2022-02-14T20:33:11.011Z] > git cat-file -s 04cd7b1a9073761a4f2fb93ab84ae8369737960d [2ms]
[2022-02-14T20:34:26.278Z] > git symbolic-ref --short HEAD [2ms]
[2022-02-14T20:34:26.295Z] > git for-each-ref --format=%(refname)%00%(upstream:short)%00%(objectname)%00%(upstream:track) refs/heads/main refs/remotes/main [9ms]
[2022-02-14T20:34:26.305Z] > git for-each-ref --sort -committerdate --format %(refname) %(objectname) %(*objectname) [7ms]
[2022-02-14T20:34:26.312Z] > git remote --verbose [8ms]
[2022-02-14T20:34:26.324Z] > git config --get commit.template [5ms]
[2022-02-14T20:34:31.441Z] > git symbolic-ref --short HEAD [3ms]
[2022-02-14T20:34:31.450Z] > git for-each-ref --format=%(refname)%00%(upstream:short)%00%(objectname)%00%(upstream:track) refs/heads/main refs/remotes/main [3ms]
[2022-02-14T20:34:31.462Z] > git remote --verbose [4ms]
[2022-02-14T20:34:31.465Z] > git for-each-ref --sort -committerdate --format %(refname) %(objectname) %(*objectname) [12ms]
[2022-02-14T20:34:31.478Z] > git config --get commit.template [4ms]
[2022-02-14T20:34:36.491Z] > git symbolic-ref --short HEAD [1ms]
[2022-02-14T20:34:36.504Z] > git for-each-ref --format=%(refname)%00%(upstream:short)%00%(objectname)%00%(upstream:track) refs/heads/main refs/remotes/main [2ms]
[2022-02-14T20:34:36.514Z] > git for-each-ref --sort -committerdate --format %(refname) %(objectname) %(*objectname) [4ms]
[2022-02-14T20:34:36.515Z] > git remote --verbose [2ms]
[2022-02-14T20:34:36.521Z] > git config --get commit.template [2ms]
[2022-02-14T20:34:45.495Z] > git ls-files --stage -- /home/jamal/selenium-example/tests/test_int.py [3ms]
[2022-02-14T20:34:45.500Z] > git cat-file -s b5678f98550b499fa54e3e19102684e39c648ee0 [2ms]
[2022-02-14T20:35:58.764Z] > git ls-files --stage -- /home/jamal/selenium-example/application/routes.py [4ms]
[2022-02-14T20:35:58.769Z] > git cat-file -s 6c9fecfff71f49ac5774ceed3d0b577f25f4b03f [2ms]
[2022-02-14T20:36:03.169Z] > git ls-files --stage -- /home/jamal/selenium-example/application/models.py [3ms]
[2022-02-14T20:36:03.173Z] > git cat-file -s 8bb9010bdf6e784b0a78219db96323c9f7ced975 [1ms]
[2022-02-14T20:36:04.713Z] > git ls-files --stage -- /home/jamal/selenium-example/application/forms.py [4ms]
[2022-02-14T20:36:04.717Z] > git cat-file -s 04cd7b1a9073761a4f2fb93ab84ae8369737960d [1ms]
[2022-02-14T20:36:52.222Z] > git symbolic-ref --short HEAD [2ms]
[2022-02-14T20:36:52.228Z] > git for-each-ref --format=%(refname)%00%(upstream:short)%00%(objectname)%00%(upstream:track) refs/heads/main refs/remotes/main [2ms]
[2022-02-14T20:36:52.235Z] > git for-each-ref --sort -committerdate --format %(refname) %(objectname) %(*objectname) [5ms]
[2022-02-14T20:36:52.236Z] > git remote --verbose [2ms]
[2022-02-14T20:36:52.243Z] > git config --get commit.template [2ms]
[2022-02-14T20:37:08.532Z] > git symbolic-ref --short HEAD [2ms]
[2022-02-14T20:37:08.536Z] > git for-each-ref --format=%(refname)%00%(upstream:short)%00%(objectname)%00%(upstream:track) refs/heads/main refs/remotes/main [1ms]
[2022-02-14T20:37:08.543Z] > git for-each-ref --sort -committerdate --format %(refname) %(objectname) %(*objectname) [4ms]
[2022-02-14T20:37:08.545Z] > git remote --verbose [2ms]
[2022-02-14T20:37:08.550Z] > git config --get commit.template [1ms]
[2022-02-14T20:37:15.719Z] > git symbolic-ref --short HEAD [4ms]
[2022-02-14T20:37:15.729Z] > git for-each-ref --format=%(refname)%00%(upstream:short)%00%(objectname)%00%(upstream:track) refs/heads/main refs/remotes/main [2ms]
[2022-02-14T20:37:15.744Z] > git for-each-ref --sort -committerdate --format %(refname) %(objectname) %(*objectname) [9ms]
[2022-02-14T20:37:15.748Z] > git remote --verbose [5ms]
[2022-02-14T20:37:15.766Z] > git config --get commit.template [10ms]
[2022-02-14T20:37:17.369Z] > git ls-files --stage -- /home/jamal/selenium-example/application/models.py [3ms]
[2022-02-14T20:37:17.373Z] > git cat-file -s 8bb9010bdf6e784b0a78219db96323c9f7ced975 [1ms]
[2022-02-14T20:37:20.779Z] > git symbolic-ref --short HEAD [2ms]
[2022-02-14T20:37:20.784Z] > git for-each-ref --format=%(refname)%00%(upstream:short)%00%(objectname)%00%(upstream:track) refs/heads/main refs/remotes/main [2ms]
[2022-02-14T20:37:20.790Z] > git for-each-ref --sort -committerdate --format %(refname) %(objectname) %(*objectname) [4ms]
[2022-02-14T20:37:20.792Z] > git remote --verbose [3ms]
[2022-02-14T20:37:20.797Z] > git config --get commit.template [1ms]
[2022-02-14T20:37:32.219Z] > git symbolic-ref --short HEAD [3ms]
[2022-02-14T20:37:32.223Z] > git for-each-ref --format=%(refname)%00%(upstream:short)%00%(objectname)%00%(upstream:track) refs/heads/main refs/remotes/main [2ms]
[2022-02-14T20:37:32.230Z] > git for-each-ref --sort -committerdate --format %(refname) %(objectname) %(*objectname) [4ms]
[2022-02-14T20:37:32.232Z] > git remote --verbose [3ms]
[2022-02-14T20:37:32.240Z] > git config --get commit.template [2ms]
[2022-02-14T20:37:52.948Z] > git ls-files --stage -- /home/jamal/selenium-example/application/forms.py [3ms]
[2022-02-14T20:37:52.952Z] > git cat-file -s 04cd7b1a9073761a4f2fb93ab84ae8369737960d [1ms]
[2022-02-14T20:38:55.008Z] > git symbolic-ref --short HEAD [2ms]
[2022-02-14T20:38:55.012Z] > git for-each-ref --format=%(refname)%00%(upstream:short)%00%(objectname)%00%(upstream:track) refs/heads/main refs/remotes/main [1ms]
[2022-02-14T20:38:55.019Z] > git for-each-ref --sort -committerdate --format %(refname) %(objectname) %(*objectname) [4ms]
[2022-02-14T20:38:55.021Z] > git remote --verbose [3ms]
[2022-02-14T20:38:55.028Z] > git config --get commit.template [3ms]
[2022-02-14T20:39:00.041Z] > git symbolic-ref --short HEAD [2ms]
[2022-02-14T20:39:00.046Z] > git for-each-ref --format=%(refname)%00%(upstream:short)%00%(objectname)%00%(upstream:track) refs/heads/main refs/remotes/main [2ms]
[2022-02-14T20:39:00.052Z] > git for-each-ref --sort -committerdate --format %(refname) %(objectname) %(*objectname) [4ms]
[2022-02-14T20:39:00.054Z] > git remote --verbose [2ms]
[2022-02-14T20:39:00.059Z] > git config --get commit.template [1ms]
[2022-02-14T20:39:05.717Z] > git ls-files --stage -- /home/jamal/selenium-example/application/models.py [2ms]
[2022-02-14T20:39:05.722Z] > git cat-file -s 8bb9010bdf6e784b0a78219db96323c9f7ced975 [2ms]
[2022-02-14T20:39:33.228Z] > git symbolic-ref --short HEAD [3ms]
[2022-02-14T20:39:33.233Z] > git for-each-ref --format=%(refname)%00%(upstream:short)%00%(objectname)%00%(upstream:track) refs/heads/main refs/remotes/main [2ms]
[2022-02-14T20:39:33.239Z] > git for-each-ref --sort -committerdate --format %(refname) %(objectname) %(*objectname) [4ms]
[2022-02-14T20:39:33.241Z] > git remote --verbose [2ms]
[2022-02-14T20:39:33.247Z] > git config --get commit.template [1ms]
[2022-02-14T20:39:34.990Z] > git ls-files --stage -- /home/jamal/selenium-example/tests/test_int.py [3ms]
[2022-02-14T20:39:34.994Z] > git cat-file -s b5678f98550b499fa54e3e19102684e39c648ee0 [1ms]
[2022-02-14T20:39:38.260Z] > git symbolic-ref --short HEAD [2ms]
[2022-02-14T20:39:38.264Z] > git for-each-ref --format=%(refname)%00%(upstream:short)%00%(objectname)%00%(upstream:track) refs/heads/main refs/remotes/main [1ms]
[2022-02-14T20:39:38.273Z] > git for-each-ref --sort -committerdate --format %(refname) %(objectname) %(*objectname) [6ms]
[2022-02-14T20:39:38.275Z] > git remote --verbose [4ms]
[2022-02-14T20:39:38.281Z] > git config --get commit.template [1ms]
[2022-02-14T20:39:50.255Z] > git symbolic-ref --short HEAD [4ms]
[2022-02-14T20:39:50.264Z] > git for-each-ref --format=%(refname)%00%(upstream:short)%00%(objectname)%00%(upstream:track) refs/heads/main refs/remotes/main [1ms]
[2022-02-14T20:39:50.275Z] > git for-each-ref --sort -committerdate --format %(refname) %(objectname) %(*objectname) [4ms]
[2022-02-14T20:39:50.279Z] > git remote --verbose [4ms]
[2022-02-14T20:39:50.292Z] > git config --get commit.template [1ms]
[2022-02-14T20:39:55.222Z] > git ls-files --stage -- /home/jamal/selenium-example/application/forms.py [3ms]
[2022-02-14T20:39:55.226Z] > git cat-file -s 04cd7b1a9073761a4f2fb93ab84ae8369737960d [1ms]
[2022-02-14T20:39:59.657Z] > git ls-files --stage -- /home/jamal/selenium-example/application/models.py [3ms]
[2022-02-14T20:39:59.661Z] > git cat-file -s 8bb9010bdf6e784b0a78219db96323c9f7ced975 [1ms]
[2022-02-14T20:40:05.790Z] > git symbolic-ref --short HEAD [6ms]
[2022-02-14T20:40:05.802Z] > git for-each-ref --format=%(refname)%00%(upstream:short)%00%(objectname)%00%(upstream:track) refs/heads/main refs/remotes/main [7ms]
[2022-02-14T20:40:05.813Z] > git for-each-ref --sort -committerdate --format %(refname) %(objectname) %(*objectname) [6ms]
[2022-02-14T20:40:05.819Z] > git remote --verbose [7ms]
[2022-02-14T20:40:05.833Z] > git config --get commit.template [8ms]
[2022-02-14T20:40:10.846Z] > git symbolic-ref --short HEAD [1ms]
[2022-02-14T20:40:10.851Z] > git for-each-ref --format=%(refname)%00%(upstream:short)%00%(objectname)%00%(upstream:track) refs/heads/main refs/remotes/main [2ms]
[2022-02-14T20:40:10.858Z] > git for-each-ref --sort -committerdate --format %(refname) %(objectname) %(*objectname) [4ms]
[2022-02-14T20:40:10.860Z] > git remote --verbose [3ms]
[2022-02-14T20:40:10.865Z] > git config --get commit.template [1ms]
[2022-02-14T20:40:19.675Z] > git symbolic-ref --short HEAD [2ms]
[2022-02-14T20:40:19.679Z] > git for-each-ref --format=%(refname)%00%(upstream:short)%00%(objectname)%00%(upstream:track) refs/heads/main refs/remotes/main [2ms]
[2022-02-14T20:40:19.686Z] > git for-each-ref --sort -committerdate --format %(refname) %(objectname) %(*objectname) [4ms]
[2022-02-14T20:40:19.687Z] > git remote --verbose [2ms]
[2022-02-14T20:40:19.693Z] > git config --get commit.template [2ms]
[2022-02-14T20:40:52.844Z] > git symbolic-ref --short HEAD [2ms]
[2022-02-14T20:40:52.848Z] > git for-each-ref --format=%(refname)%00%(upstream:short)%00%(objectname)%00%(upstream:track) refs/heads/main refs/remotes/main [1ms]
[2022-02-14T20:40:52.856Z] > git for-each-ref --sort -committerdate --format %(refname) %(objectname) %(*objectname) [4ms]
[2022-02-14T20:40:52.857Z] > git remote --verbose [2ms]
[2022-02-14T20:40:52.867Z] > git config --get commit.template [3ms]
[2022-02-14T20:40:57.461Z] > git ls-files --stage -- /home/jamal/selenium-example/application/routes.py [3ms]
[2022-02-14T20:40:57.465Z] > git cat-file -s 6c9fecfff71f49ac5774ceed3d0b577f25f4b03f [2ms]
[2022-02-14T20:41:06.754Z] > git ls-files --stage -- /home/jamal/selenium-example/application/models.py [2ms]
[2022-02-14T20:41:06.759Z] > git cat-file -s 8bb9010bdf6e784b0a78219db96323c9f7ced975 [2ms]
[2022-02-14T20:41:10.568Z] > git ls-files --stage -- /home/jamal/selenium-example/application/forms.py [3ms]
[2022-02-14T20:41:10.572Z] > git cat-file -s 04cd7b1a9073761a4f2fb93ab84ae8369737960d [1ms]
[2022-02-14T20:41:30.092Z] > git ls-files --stage -- /home/jamal/selenium-example/create.py [4ms]
[2022-02-14T20:41:30.097Z] > git cat-file -s 36c41708bc501dae5692096f87f59a881ceab521 [2ms]
[2022-02-14T20:41:31.234Z] > git ls-files --stage -- /home/jamal/selenium-example/app.py [2ms]
[2022-02-14T20:41:31.237Z] > git cat-file -s f2f9b6c9313c7770e5481082f64ab0bffb04a907 [1ms]
[2022-02-14T20:41:32.860Z] > git ls-files --stage -- /home/jamal/selenium-example/tests/test_int.py [3ms]
[2022-02-14T20:41:32.867Z] > git cat-file -s b5678f98550b499fa54e3e19102684e39c648ee0 [4ms]
[2022-02-14T20:41:59.677Z] > git symbolic-ref --short HEAD [1ms]
[2022-02-14T20:41:59.681Z] > git for-each-ref --format=%(refname)%00%(upstream:short)%00%(objectname)%00%(upstream:track) refs/heads/main refs/remotes/main [2ms]
[2022-02-14T20:41:59.687Z] > git for-each-ref --sort -committerdate --format %(refname) %(objectname) %(*objectname) [4ms]
[2022-02-14T20:41:59.689Z] > git remote --verbose [2ms]
[2022-02-14T20:41:59.695Z] > git config --get commit.template [2ms]
[2022-02-14T20:42:04.714Z] > git symbolic-ref --short HEAD [2ms]
[2022-02-14T20:42:04.726Z] > git for-each-ref --format=%(refname)%00%(upstream:short)%00%(objectname)%00%(upstream:track) refs/heads/main refs/remotes/main [7ms]
[2022-02-14T20:42:04.743Z] > git for-each-ref --sort -committerdate --format %(refname) %(objectname) %(*objectname) [8ms]
[2022-02-14T20:42:04.746Z] > git remote --verbose [3ms]
[2022-02-14T20:42:04.760Z] > git config --get commit.template [2ms]
[2022-02-14T20:42:09.803Z] > git symbolic-ref --short HEAD [5ms]
[2022-02-14T20:42:09.822Z] > git for-each-ref --format=%(refname)%00%(upstream:short)%00%(objectname)%00%(upstream:track) refs/heads/main refs/remotes/main [6ms]
[2022-02-14T20:42:09.835Z] > git for-each-ref --sort -committerdate --format %(refname) %(objectname) %(*objectname) [9ms]
[2022-02-14T20:42:09.837Z] > git remote --verbose [2ms]
[2022-02-14T20:42:09.858Z] > git config --get commit.template [2ms]
[2022-02-14T20:42:14.871Z] > git symbolic-ref --short HEAD [1ms]
[2022-02-14T20:42:14.876Z] > git for-each-ref --format=%(refname)%00%(upstream:short)%00%(objectname)%00%(upstream:track) refs/heads/main refs/remotes/main [2ms]
[2022-02-14T20:42:14.882Z] > git for-each-ref --sort -committerdate --format %(refname) %(objectname) %(*objectname) [4ms]
[2022-02-14T20:42:14.884Z] > git remote --verbose [2ms]
[2022-02-14T20:42:14.890Z] > git config --get commit.template [2ms]
[2022-02-14T20:43:36.180Z] > git symbolic-ref --short HEAD [1ms]
[2022-02-14T20:43:36.185Z] > git for-each-ref --format=%(refname)%00%(upstream:short)%00%(objectname)%00%(upstream:track) refs/heads/main refs/remotes/main [2ms]
[2022-02-14T20:43:36.191Z] > git for-each-ref --sort -committerdate --format %(refname) %(objectname) %(*objectname) [4ms]
[2022-02-14T20:43:36.192Z] > git remote --verbose [1ms]
[2022-02-14T20:43:36.198Z] > git config --get commit.template [2ms]
[2022-02-14T20:43:50.714Z] > git symbolic-ref --short HEAD [1ms]
[2022-02-14T20:43:50.719Z] > git for-each-ref --format=%(refname)%00%(upstream:short)%00%(objectname)%00%(upstream:track) refs/heads/main refs/remotes/main [2ms]
[2022-02-14T20:43:50.725Z] > git for-each-ref --sort -committerdate --format %(refname) %(objectname) %(*objectname) [4ms]
[2022-02-14T20:43:50.727Z] > git remote --verbose [2ms]
[2022-02-14T20:43:50.732Z] > git config --get commit.template [1ms]
[2022-02-14T20:43:56.342Z] > git symbolic-ref --short HEAD [1ms]
[2022-02-14T20:43:56.347Z] > git for-each-ref --format=%(refname)%00%(upstream:short)%00%(objectname)%00%(upstream:track) refs/heads/main refs/remotes/main [2ms]
[2022-02-14T20:43:56.354Z] > git for-each-ref --sort -committerdate --format %(refname) %(objectname) %(*objectname) [5ms]
[2022-02-14T20:43:56.355Z] > git remote --verbose [3ms]
[2022-02-14T20:43:56.361Z] > git config --get commit.template [2ms]
[2022-02-14T20:44:10.467Z] > git symbolic-ref --short HEAD [2ms]
[2022-02-14T20:44:10.471Z] > git for-each-ref --format=%(refname)%00%(upstream:short)%00%(objectname)%00%(upstream:track) refs/heads/main refs/remotes/main [2ms]
[2022-02-14T20:44:10.478Z] > git for-each-ref --sort -committerdate --format %(refname) %(objectname) %(*objectname) [4ms]
[2022-02-14T20:44:10.480Z] > git remote --verbose [2ms]
[2022-02-14T20:44:10.486Z] > git config --get commit.template [2ms]
[2022-02-14T20:44:15.499Z] > git symbolic-ref --short HEAD [1ms]
[2022-02-14T20:44:15.504Z] > git for-each-ref --format=%(refname)%00%(upstream:short)%00%(objectname)%00%(upstream:track) refs/heads/main refs/remotes/main [2ms]
[2022-02-14T20:44:15.510Z] > git for-each-ref --sort -committerdate --format %(refname) %(objectname) %(*objectname) [4ms]
[2022-02-14T20:44:15.511Z] > git remote --verbose [2ms]
[2022-02-14T20:44:15.518Z] > git config --get commit.template [2ms]
[2022-02-14T20:45:12.162Z] > git symbolic-ref --short HEAD [2ms]
[2022-02-14T20:45:12.167Z] > git for-each-ref --format=%(refname)%00%(upstream:short)%00%(objectname)%00%(upstream:track) refs/heads/main refs/remotes/main [1ms]
[2022-02-14T20:45:12.173Z] > git for-each-ref --sort -committerdate --format %(refname) %(objectname) %(*objectname) [4ms]
[2022-02-14T20:45:12.175Z] > git remote --verbose [2ms]
[2022-02-14T20:45:12.183Z] > git config --get commit.template [1ms]
[2022-02-14T20:45:17.196Z] > git symbolic-ref --short HEAD [2ms]
[2022-02-14T20:45:17.200Z] > git for-each-ref --format=%(refname)%00%(upstream:short)%00%(objectname)%00%(upstream:track) refs/heads/main refs/remotes/main [2ms]
[2022-02-14T20:45:17.206Z] > git for-each-ref --sort -committerdate --format %(refname) %(objectname) %(*objectname) [4ms]
[2022-02-14T20:45:17.208Z] > git remote --verbose [2ms]
[2022-02-14T20:45:17.213Z] > git config --get commit.template [1ms]
[2022-02-14T20:45:28.402Z] > git symbolic-ref --short HEAD [3ms]
[2022-02-14T20:45:28.406Z] > git for-each-ref --format=%(refname)%00%(upstream:short)%00%(objectname)%00%(upstream:track) refs/heads/main refs/remotes/main [2ms]
[2022-02-14T20:45:28.413Z] > git for-each-ref --sort -committerdate --format %(refname) %(objectname) %(*objectname) [4ms]
[2022-02-14T20:45:28.414Z] > git remote --verbose [2ms]
[2022-02-14T20:45:28.420Z] > git config --get commit.template [2ms]
[2022-02-14T20:45:33.443Z] > git symbolic-ref --short HEAD [4ms]
[2022-02-14T20:45:33.453Z] > git for-each-ref --format=%(refname)%00%(upstream:short)%00%(objectname)%00%(upstream:track) refs/heads/main refs/remotes/main [2ms]
[2022-02-14T20:45:33.465Z] > git for-each-ref --sort -committerdate --format %(refname) %(objectname) %(*objectname) [7ms]
[2022-02-14T20:45:33.470Z] > git remote --verbose [6ms]
[2022-02-14T20:45:33.505Z] > git config --get commit.template [6ms]
[2022-02-14T20:45:38.516Z] > git symbolic-ref --short HEAD [2ms]
[2022-02-14T20:45:38.520Z] > git for-each-ref --format=%(refname)%00%(upstream:short)%00%(objectname)%00%(upstream:track) refs/heads/main refs/remotes/main [1ms]
[2022-02-14T20:45:38.527Z] > git for-each-ref --sort -committerdate --format %(refname) %(objectname) %(*objectname) [4ms]
[2022-02-14T20:45:38.528Z] > git remote --verbose [2ms]
[2022-02-14T20:45:38.533Z] > git config --get commit.template [1ms]
[2022-02-14T20:45:58.812Z] > git symbolic-ref --short HEAD [1ms]
[2022-02-14T20:45:58.816Z] > git for-each-ref --format=%(refname)%00%(upstream:short)%00%(objectname)%00%(upstream:track) refs/heads/main refs/remotes/main [1ms]
[2022-02-14T20:45:58.823Z] > git for-each-ref --sort -committerdate --format %(refname) %(objectname) %(*objectname) [4ms]
[2022-02-14T20:45:58.824Z] > git remote --verbose [2ms]
[2022-02-14T20:45:58.830Z] > git config --get commit.template [2ms]
[2022-02-14T20:46:03.871Z] > git symbolic-ref --short HEAD [16ms]
[2022-02-14T20:46:03.894Z] > git for-each-ref --format=%(refname)%00%(upstream:short)%00%(objectname)%00%(upstream:track) refs/heads/main refs/remotes/main [8ms]
[2022-02-14T20:46:03.905Z] > git for-each-ref --sort -committerdate --format %(refname) %(objectname) %(*objectname) [6ms]
[2022-02-14T20:46:03.915Z] > git remote --verbose [11ms]
[2022-02-14T20:46:03.932Z] > git config --get commit.template [1ms]
[2022-02-14T20:46:08.945Z] > git symbolic-ref --short HEAD [2ms]
[2022-02-14T20:46:08.949Z] > git for-each-ref --format=%(refname)%00%(upstream:short)%00%(objectname)%00%(upstream:track) refs/heads/main refs/remotes/main [2ms]
[2022-02-14T20:46:08.955Z] > git for-each-ref --sort -committerdate --format %(refname) %(objectname) %(*objectname) [3ms]
[2022-02-14T20:46:08.957Z] > git remote --verbose [2ms]
[2022-02-14T20:46:08.962Z] > git config --get commit.template [1ms]
[2022-02-14T20:46:31.310Z] > git ls-files --stage -- /home/jamal/selenium-example/application/routes.py [4ms]
[2022-02-14T20:46:31.314Z] > git cat-file -s 6c9fecfff71f49ac5774ceed3d0b577f25f4b03f [2ms]
[2022-02-14T20:46:41.596Z] > git ls-files --stage -- /home/jamal/selenium-example/application/models.py [3ms]
[2022-02-14T20:46:41.600Z] > git cat-file -s 8bb9010bdf6e784b0a78219db96323c9f7ced975 [1ms]
[2022-02-14T20:46:44.652Z] > git ls-files --stage -- /home/jamal/selenium-example/application/forms.py [3ms]
[2022-02-14T20:46:44.656Z] > git cat-file -s 04cd7b1a9073761a4f2fb93ab84ae8369737960d [1ms]
[2022-02-14T20:49:12.441Z] > git ls-files --stage -- /home/jamal/selenium-example/tests/test_int.py [4ms]
[2022-02-14T20:49:12.445Z] > git cat-file -s b5678f98550b499fa54e3e19102684e39c648ee0 [1ms]
[2022-02-14T20:49:45.577Z] > git symbolic-ref --short HEAD [2ms]
[2022-02-14T20:49:45.581Z] > git for-each-ref --format=%(refname)%00%(upstream:short)%00%(objectname)%00%(upstream:track) refs/heads/main refs/remotes/main [1ms]
[2022-02-14T20:49:45.588Z] > git for-each-ref --sort -committerdate --format %(refname) %(objectname) %(*objectname) [4ms]
[2022-02-14T20:49:45.590Z] > git remote --verbose [2ms]
[2022-02-14T20:49:45.595Z] > git config --get commit.template [1ms]
[2022-02-14T20:49:50.608Z] > git symbolic-ref --short HEAD [2ms]
[2022-02-14T20:49:50.612Z] > git for-each-ref --format=%(refname)%00%(upstream:short)%00%(objectname)%00%(upstream:track) refs/heads/main refs/remotes/main [1ms]
[2022-02-14T20:49:50.621Z] > git for-each-ref --sort -committerdate --format %(refname) %(objectname) %(*objectname) [5ms]
[2022-02-14T20:49:50.622Z] > git remote --verbose [2ms]
[2022-02-14T20:49:50.628Z] > git config --get commit.template [1ms]
[2022-02-14T20:49:57.094Z] > git symbolic-ref --short HEAD [1ms]
[2022-02-14T20:49:57.098Z] > git for-each-ref --format=%(refname)%00%(upstream:short)%00%(objectname)%00%(upstream:track) refs/heads/main refs/remotes/main [1ms]
[2022-02-14T20:49:57.105Z] > git for-each-ref --sort -committerdate --format %(refname) %(objectname) %(*objectname) [4ms]
[2022-02-14T20:49:57.106Z] > git remote --verbose [2ms]
[2022-02-14T20:49:57.112Z] > git config --get commit.template [1ms]
[2022-02-14T20:50:02.137Z] > git symbolic-ref --short HEAD [3ms]
[2022-02-14T20:50:02.148Z] > git for-each-ref --format=%(refname)%00%(upstream:short)%00%(objectname)%00%(upstream:track) refs/heads/main refs/remotes/main [5ms]
[2022-02-14T20:50:02.171Z] > git for-each-ref --sort -committerdate --format %(refname) %(objectname) %(*objectname) [15ms]
[2022-02-14T20:50:02.173Z] > git remote --verbose [10ms]
[2022-02-14T20:50:02.206Z] > git config --get commit.template [17ms]
[2022-02-14T20:50:07.221Z] > git symbolic-ref --short HEAD [2ms]
[2022-02-14T20:50:07.226Z] > git for-each-ref --format=%(refname)%00%(upstream:short)%00%(objectname)%00%(upstream:track) refs/heads/main refs/remotes/main [3ms]
[2022-02-14T20:50:07.233Z] > git for-each-ref --sort -committerdate --format %(refname) %(objectname) %(*objectname) [4ms]
[2022-02-14T20:50:07.234Z] > git remote --verbose [2ms]
[2022-02-14T20:50:07.240Z] > git config --get commit.template [2ms]
[2022-02-14T20:50:12.252Z] > git symbolic-ref --short HEAD [2ms]
[2022-02-14T20:50:12.256Z] > git for-each-ref --format=%(refname)%00%(upstream:short)%00%(objectname)%00%(upstream:track) refs/heads/main refs/remotes/main [2ms]
[2022-02-14T20:50:12.263Z] > git for-each-ref --sort -committerdate --format %(refname) %(objectname) %(*objectname) [4ms]
[2022-02-14T20:50:12.265Z] > git remote --verbose [3ms]
[2022-02-14T20:50:12.271Z] > git config --get commit.template [3ms]
[2022-02-14T20:50:51.767Z] > git symbolic-ref --short HEAD [2ms]
[2022-02-14T20:50:51.771Z] > git for-each-ref --format=%(refname)%00%(upstream:short)%00%(objectname)%00%(upstream:track) refs/heads/main refs/remotes/main [2ms]
[2022-02-14T20:50:51.777Z] > git for-each-ref --sort -committerdate --format %(refname) %(objectname) %(*objectname) [4ms]
[2022-02-14T20:50:51.779Z] > git remote --verbose [2ms]
[2022-02-14T20:50:51.784Z] > git config --get commit.template [1ms]
[2022-02-14T20:50:56.797Z] > git symbolic-ref --short HEAD [2ms]
[2022-02-14T20:50:56.801Z] > git for-each-ref --format=%(refname)%00%(upstream:short)%00%(objectname)%00%(upstream:track) refs/heads/main refs/remotes/main [1ms]
[2022-02-14T20:50:56.808Z] > git for-each-ref --sort -committerdate --format %(refname) %(objectname) %(*objectname) [4ms]
[2022-02-14T20:50:56.810Z] > git remote --verbose [2ms]
[2022-02-14T20:50:56.819Z] > git config --get commit.template [2ms]
[2022-02-14T20:51:09.108Z] > git symbolic-ref --short HEAD [2ms]
[2022-02-14T20:51:09.112Z] > git for-each-ref --format=%(refname)%00%(upstream:short)%00%(objectname)%00%(upstream:track) refs/heads/main refs/remotes/main [2ms]
[2022-02-14T20:51:09.118Z] > git for-each-ref --sort -committerdate --format %(refname) %(objectname) %(*objectname) [4ms]
[2022-02-14T20:51:09.120Z] > git remote --verbose [2ms]
[2022-02-14T20:51:09.129Z] > git config --get commit.template [3ms]
[2022-02-14T20:51:14.142Z] > git symbolic-ref --short HEAD [2ms]
[2022-02-14T20:51:14.146Z] > git for-each-ref --format=%(refname)%00%(upstream:short)%00%(objectname)%00%(upstream:track) refs/heads/main refs/remotes/main [2ms]
[2022-02-14T20:51:14.153Z] > git for-each-ref --sort -committerdate --format %(refname) %(objectname) %(*objectname) [5ms]
[2022-02-14T20:51:14.155Z] > git remote --verbose [2ms]
[2022-02-14T20:51:14.171Z] > git config --get commit.template [4ms]
[2022-02-14T20:51:20.883Z] > git symbolic-ref --short HEAD [5ms]
[2022-02-14T20:51:20.892Z] > git for-each-ref --format=%(refname)%00%(upstream:short)%00%(objectname)%00%(upstream:track) refs/heads/main refs/remotes/main [6ms]
[2022-02-14T20:51:20.899Z] > git for-each-ref --sort -committerdate --format %(refname) %(objectname) %(*objectname) [4ms]
[2022-02-14T20:51:20.903Z] > git remote --verbose [5ms]
[2022-02-14T20:51:20.913Z] > git config --get commit.template [6ms]
[2022-02-14T20:51:25.968Z] > git symbolic-ref --short HEAD [11ms]
[2022-02-14T20:51:25.989Z] > git for-each-ref --format=%(refname)%00%(upstream:short)%00%(objectname)%00%(upstream:track) refs/heads/main refs/remotes/main [12ms]
[2022-02-14T20:51:26.019Z] > git for-each-ref --sort -committerdate --format %(refname) %(objectname) %(*objectname) [20ms]
[2022-02-14T20:51:26.020Z] > git remote --verbose [17ms]
[2022-02-14T20:51:26.030Z] > git config --get commit.template [3ms]
[2022-02-14T20:51:31.048Z] > git symbolic-ref --short HEAD [2ms]
[2022-02-14T20:51:31.052Z] > git for-each-ref --format=%(refname)%00%(upstream:short)%00%(objectname)%00%(upstream:track) refs/heads/main refs/remotes/main [2ms]
[2022-02-14T20:51:31.059Z] > git for-each-ref --sort -committerdate --format %(refname) %(objectname) %(*objectname) [4ms]
[2022-02-14T20:51:31.060Z] > git remote --verbose [2ms]
[2022-02-14T20:51:31.065Z] > git config --get commit.template [1ms]
[2022-02-14T20:51:46.327Z] > git ls-files --stage -- /home/jamal/selenium-example/application/routes.py [3ms]
[2022-02-14T20:51:46.332Z] > git cat-file -s 6c9fecfff71f49ac5774ceed3d0b577f25f4b03f [2ms]
[2022-02-14T20:51:48.799Z] > git ls-files --stage -- /home/jamal/selenium-example/application/models.py [3ms]
[2022-02-14T20:51:48.803Z] > git cat-file -s 8bb9010bdf6e784b0a78219db96323c9f7ced975 [1ms]
[2022-02-14T20:51:50.061Z] > git ls-files --stage -- /home/jamal/selenium-example/application/forms.py [3ms]
[2022-02-14T20:51:50.065Z] > git cat-file -s 04cd7b1a9073761a4f2fb93ab84ae8369737960d [2ms]
[2022-02-14T20:51:55.207Z] > git ls-files --stage -- /home/jamal/selenium-example/tests/__init__.py [4ms]
[2022-02-14T20:51:55.211Z] > git cat-file -s e69de29bb2d1d6434b8b29ae775ad8c2e48c5391 [2ms]
[2022-02-14T20:51:56.364Z] > git ls-files --stage -- /home/jamal/selenium-example/application/routes.py [2ms]
[2022-02-14T20:51:56.368Z] > git cat-file -s 6c9fecfff71f49ac5774ceed3d0b577f25f4b03f [1ms]
[2022-02-14T20:51:58.552Z] > git ls-files --stage -- /home/jamal/selenium-example/application/models.py [3ms]
[2022-02-14T20:51:58.556Z] > git cat-file -s 8bb9010bdf6e784b0a78219db96323c9f7ced975 [1ms]
[2022-02-14T20:51:59.887Z] > git ls-files --stage -- /home/jamal/selenium-example/application/forms.py [2ms]
[2022-02-14T20:51:59.892Z] > git cat-file -s 04cd7b1a9073761a4f2fb93ab84ae8369737960d [2ms]
[2022-02-14T20:52:03.304Z] > git ls-files --stage -- /home/jamal/selenium-example/application/models.py [3ms]
[2022-02-14T20:52:03.308Z] > git cat-file -s 8bb9010bdf6e784b0a78219db96323c9f7ced975 [1ms]
[2022-02-14T20:52:04.599Z] > git ls-files --stage -- /home/jamal/selenium-example/application/routes.py [3ms]
[2022-02-14T20:52:04.604Z] > git cat-file -s 6c9fecfff71f49ac5774ceed3d0b577f25f4b03f [3ms]
[2022-02-14T20:52:07.344Z] > git ls-files --stage -- /home/jamal/selenium-example/application/forms.py [3ms]
[2022-02-14T20:52:07.349Z] > git cat-file -s 04cd7b1a9073761a4f2fb93ab84ae8369737960d [2ms]
[2022-02-14T20:52:09.624Z] > git ls-files --stage -- /home/jamal/selenium-example/application/models.py [2ms]
[2022-02-14T20:52:09.628Z] > git cat-file -s 8bb9010bdf6e784b0a78219db96323c9f7ced975 [1ms]
[2022-02-14T20:52:10.989Z] > git ls-files --stage -- /home/jamal/selenium-example/application/routes.py [3ms]
[2022-02-14T20:52:10.993Z] > git cat-file -s 6c9fecfff71f49ac5774ceed3d0b577f25f4b03f [2ms]
[2022-02-14T20:52:16.577Z] > git ls-files --stage -- /home/jamal/selenium-example/application/__init__.py [3ms]
[2022-02-14T20:52:16.581Z] > git cat-file -s c4031e56bdcb9ff82cc3b4a17910c79c5ea2d7b4 [2ms]
[2022-02-14T20:52:18.840Z] > git ls-files --stage -- /home/jamal/selenium-example/tests/__init__.py [2ms]
[2022-02-14T20:52:18.846Z] > git cat-file -s e69de29bb2d1d6434b8b29ae775ad8c2e48c5391 [1ms]
[2022-02-14T20:52:20.732Z] > git ls-files --stage -- /home/jamal/selenium-example/app.py [3ms]
[2022-02-14T20:52:20.736Z] > git cat-file -s f2f9b6c9313c7770e5481082f64ab0bffb04a907 [1ms]
[2022-02-14T20:52:21.387Z] > git ls-files --stage -- /home/jamal/selenium-example/create.py [3ms]
[2022-02-14T20:52:21.391Z] > git cat-file -s 36c41708bc501dae5692096f87f59a881ceab521 [2ms]
[2022-02-14T20:52:22.427Z] > git ls-files --stage -- /home/jamal/selenium-example/application/routes.py [2ms]
[2022-02-14T20:52:22.432Z] > git cat-file -s 6c9fecfff71f49ac5774ceed3d0b577f25f4b03f [2ms]
[2022-02-14T20:52:25.768Z] > git ls-files --stage -- /home/jamal/selenium-example/application/models.py [3ms]
[2022-02-14T20:52:25.772Z] > git cat-file -s 8bb9010bdf6e784b0a78219db96323c9f7ced975 [2ms]
[2022-02-14T20:52:27.035Z] > git ls-files --stage -- /home/jamal/selenium-example/application/forms.py [2ms]
[2022-02-14T20:52:27.039Z] > git cat-file -s 04cd7b1a9073761a4f2fb93ab84ae8369737960d [1ms]
[2022-02-14T20:52:29.538Z] > git ls-files --stage -- /home/jamal/selenium-example/application/__init__.py [2ms]
[2022-02-14T20:52:29.542Z] > git cat-file -s c4031e56bdcb9ff82cc3b4a17910c79c5ea2d7b4 [1ms]
[2022-02-14T20:52:32.317Z] > git ls-files --stage -- /home/jamal/selenium-example/application/templates/index.html [14ms]
[2022-02-14T20:52:32.346Z] > git cat-file -s 1043bc4bdb83684201baf3a9a9744360f71fe70e [13ms]
[2022-02-14T20:52:37.557Z] > git ls-files --stage -- /home/jamal/selenium-example/create.py [3ms]
[2022-02-14T20:52:37.561Z] > git cat-file -s 36c41708bc501dae5692096f87f59a881ceab521 [1ms]
[2022-02-14T20:52:42.339Z] > git ls-files --stage -- /home/jamal/selenium-example/app.py [3ms]
[2022-02-14T20:52:42.343Z] > git cat-file -s f2f9b6c9313c7770e5481082f64ab0bffb04a907 [1ms]
[2022-02-14T20:52:45.924Z] > git ls-files --stage -- /home/jamal/selenium-example/tests/test_int.py [4ms]
[2022-02-14T20:52:45.928Z] > git cat-file -s b5678f98550b499fa54e3e19102684e39c648ee0 [1ms]
[2022-02-14T20:53:00.018Z] > git symbolic-ref --short HEAD [2ms]
[2022-02-14T20:53:00.023Z] > git for-each-ref --format=%(refname)%00%(upstream:short)%00%(objectname)%00%(upstream:track) refs/heads/main refs/remotes/main [2ms]
[2022-02-14T20:53:00.030Z] > git for-each-ref --sort -committerdate --format %(refname) %(objectname) %(*objectname) [5ms]
[2022-02-14T20:53:00.032Z] > git remote --verbose [3ms]
[2022-02-14T20:53:00.040Z] > git config --get commit.template [2ms]
[2022-02-14T20:53:05.093Z] > git symbolic-ref --short HEAD [5ms]
[2022-02-14T20:53:05.105Z] > git for-each-ref --format=%(refname)%00%(upstream:short)%00%(objectname)%00%(upstream:track) refs/heads/main refs/remotes/main [6ms]
[2022-02-14T20:53:05.118Z] > git for-each-ref --sort -committerdate --format %(refname) %(objectname) %(*objectname) [7ms]
[2022-02-14T20:53:05.121Z] > git remote --verbose [4ms]
[2022-02-14T20:53:05.135Z] > git config --get commit.template [7ms]
[2022-02-14T20:53:10.160Z] > git symbolic-ref --short HEAD [2ms]
[2022-02-14T20:53:10.165Z] > git for-each-ref --format=%(refname)%00%(upstream:short)%00%(objectname)%00%(upstream:track) refs/heads/main refs/remotes/main [2ms]
[2022-02-14T20:53:10.179Z] > git remote --verbose [8ms]
[2022-02-14T20:53:10.179Z] > git for-each-ref --sort -committerdate --format %(refname) %(objectname) %(*objectname) [11ms]
[2022-02-14T20:53:10.186Z] > git config --get commit.template [2ms]
[2022-02-14T20:53:15.213Z] > git symbolic-ref --short HEAD [2ms]
[2022-02-14T20:53:15.217Z] > git for-each-ref --format=%(refname)%00%(upstream:short)%00%(objectname)%00%(upstream:track) refs/heads/main refs/remotes/main [2ms]
[2022-02-14T20:53:15.225Z] > git for-each-ref --sort -committerdate --format %(refname) %(objectname) %(*objectname) [5ms]
[2022-02-14T20:53:15.228Z] > git remote --verbose [5ms]
[2022-02-14T20:53:15.243Z] > git config --get commit.template [11ms]
[2022-02-14T20:56:43.422Z] > git symbolic-ref --short HEAD [2ms]
[2022-02-14T20:56:43.427Z] > git for-each-ref --format=%(refname)%00%(upstream:short)%00%(objectname)%00%(upstream:track) refs/heads/main refs/remotes/main [2ms]
[2022-02-14T20:56:43.433Z] > git for-each-ref --sort -committerdate --format %(refname) %(objectname) %(*objectname) [4ms]
[2022-02-14T20:56:43.435Z] > git remote --verbose [2ms]
[2022-02-14T20:56:43.440Z] > git config --get commit.template [1ms]
[2022-02-14T20:56:48.498Z] > git symbolic-ref --short HEAD [6ms]
[2022-02-14T20:56:48.522Z] > git for-each-ref --format=%(refname)%00%(upstream:short)%00%(objectname)%00%(upstream:track) refs/heads/main refs/remotes/main [10ms]
[2022-02-14T20:56:48.545Z] > git for-each-ref --sort -committerdate --format %(refname) %(objectname) %(*objectname) [7ms]
[2022-02-14T20:56:48.554Z] > git remote --verbose [11ms]
[2022-02-14T20:56:48.570Z] > git config --get commit.template [3ms]
[2022-02-14T20:56:53.630Z] > git symbolic-ref --short HEAD [2ms]
[2022-02-14T20:56:53.635Z] > git for-each-ref --format=%(refname)%00%(upstream:short)%00%(objectname)%00%(upstream:track) refs/heads/main refs/remotes/main [2ms]
[2022-02-14T20:56:53.647Z] > git for-each-ref --sort -committerdate --format %(refname) %(objectname) %(*objectname) [9ms]
[2022-02-14T20:56:53.651Z] > git remote --verbose [5ms]
[2022-02-14T20:56:53.663Z] > git config --get commit.template [7ms]
[2022-02-14T20:56:58.679Z] > git symbolic-ref --short HEAD [2ms]
[2022-02-14T20:56:58.684Z] > git for-each-ref --format=%(refname)%00%(upstream:short)%00%(objectname)%00%(upstream:track) refs/heads/main refs/remotes/main [2ms]
[2022-02-14T20:56:58.691Z] > git for-each-ref --sort -committerdate --format %(refname) %(objectname) %(*objectname) [5ms]
[2022-02-14T20:56:58.692Z] > git remote --verbose [2ms]
[2022-02-14T20:56:58.699Z] > git config --get commit.template [2ms]
[2022-02-14T20:59:34.315Z] > git ls-files --stage -- /home/jamal/selenium-example/application/routes.py [2ms]
[2022-02-14T20:59:34.326Z] > git cat-file -s 6c9fecfff71f49ac5774ceed3d0b577f25f4b03f [4ms]
[2022-02-14T20:59:35.363Z] > git ls-files --stage -- /home/jamal/selenium-example/application/forms.py [2ms]
[2022-02-14T20:59:35.369Z] > git cat-file -s 04cd7b1a9073761a4f2fb93ab84ae8369737960d [3ms]
[2022-02-14T20:59:46.775Z] > git symbolic-ref --short HEAD [2ms]
[2022-02-14T20:59:46.780Z] > git for-each-ref --format=%(refname)%00%(upstream:short)%00%(objectname)%00%(upstream:track) refs/heads/main refs/remotes/main [2ms]
[2022-02-14T20:59:46.790Z] > git for-each-ref --sort -committerdate --format %(refname) %(objectname) %(*objectname) [8ms]
[2022-02-14T20:59:46.794Z] > git remote --verbose [8ms]
[2022-02-14T20:59:46.801Z] > git config --get commit.template [2ms]
[2022-02-14T20:59:59.163Z] > git symbolic-ref --short HEAD [2ms]
[2022-02-14T20:59:59.167Z] > git for-each-ref --format=%(refname)%00%(upstream:short)%00%(objectname)%00%(upstream:track) refs/heads/main refs/remotes/main [2ms]
[2022-02-14T20:59:59.174Z] > git for-each-ref --sort -committerdate --format %(refname) %(objectname) %(*objectname) [4ms]
[2022-02-14T20:59:59.175Z] > git remote --verbose [2ms]
[2022-02-14T20:59:59.181Z] > git config --get commit.template [2ms]
[2022-02-14T21:00:09.042Z] > git symbolic-ref --short HEAD [2ms]
[2022-02-14T21:00:09.051Z] > git for-each-ref --format=%(refname)%00%(upstream:short)%00%(objectname)%00%(upstream:track) refs/heads/main refs/remotes/main [2ms]
[2022-02-14T21:00:09.058Z] > git for-each-ref --sort -committerdate --format %(refname) %(objectname) %(*objectname) [5ms]
[2022-02-14T21:00:09.060Z] > git remote --verbose [2ms]
[2022-02-14T21:00:09.066Z] > git config --get commit.template [2ms]
[2022-02-14T21:00:14.679Z] > git ls-files --stage -- /home/jamal/selenium-example/application/models.py [2ms]
[2022-02-14T21:00:14.683Z] > git cat-file -s 8bb9010bdf6e784b0a78219db96323c9f7ced975 [1ms]
[2022-02-14T21:00:20.990Z] > git symbolic-ref --short HEAD [2ms]
[2022-02-14T21:00:20.994Z] > git for-each-ref --format=%(refname)%00%(upstream:short)%00%(objectname)%00%(upstream:track) refs/heads/main refs/remotes/main [2ms]
[2022-02-14T21:00:21.001Z] > git for-each-ref --sort -committerdate --format %(refname) %(objectname) %(*objectname) [4ms]
[2022-02-14T21:00:21.003Z] > git remote --verbose [3ms]
[2022-02-14T21:00:21.010Z] > git config --get commit.template [2ms]
[2022-02-14T21:00:33.635Z] > git symbolic-ref --short HEAD [2ms]
[2022-02-14T21:00:33.639Z] > git for-each-ref --format=%(refname)%00%(upstream:short)%00%(objectname)%00%(upstream:track) refs/heads/main refs/remotes/main [1ms]
[2022-02-14T21:00:33.647Z] > git for-each-ref --sort -committerdate --format %(refname) %(objectname) %(*objectname) [4ms]
[2022-02-14T21:00:33.649Z] > git remote --verbose [2ms]
[2022-02-14T21:00:33.655Z] > git config --get commit.template [2ms]
