[2022-02-15T10:03:51.216Z] Validating found git in: git
[2022-02-15T10:03:51.249Z] Using git 2.25.1 from git
[2022-02-15T10:03:51.338Z] > git rev-parse --git-dir [4ms]
[2022-02-15T10:03:51.348Z] Open repository: /home/jamal/selenium-example
[2022-02-15T10:03:51.400Z] > git symbolic-ref --short HEAD [34ms]
[2022-02-15T10:03:51.406Z] > git for-each-ref --format=%(refname)%00%(upstream:short)%00%(objectname)%00%(upstream:track) refs/heads/main refs/remotes/main [1ms]
[2022-02-15T10:03:51.419Z] > git remote --verbose [7ms]
[2022-02-15T10:03:51.420Z] > git for-each-ref --sort -committerdate --format %(refname) %(objectname) %(*objectname) [12ms]
[2022-02-15T10:03:51.434Z] > git config --get commit.template [6ms]
[2022-02-15T10:03:51.705Z] > git ls-files --stage -- /home/jamal/selenium-example/tests/test_int.py [4ms]
[2022-02-15T10:03:51.709Z] > git cat-file -s b5678f98550b499fa54e3e19102684e39c648ee0 [1ms]
[2022-02-15T10:05:00.494Z] > git symbolic-ref --short HEAD [2ms]
[2022-02-15T10:05:00.500Z] > git for-each-ref --format=%(refname)%00%(upstream:short)%00%(objectname)%00%(upstream:track) refs/heads/main refs/remotes/main [2ms]
[2022-02-15T10:05:00.508Z] > git for-each-ref --sort -committerdate --format %(refname) %(objectname) %(*objectname) [5ms]
[2022-02-15T10:05:00.510Z] > git remote --verbose [4ms]
[2022-02-15T10:05:00.519Z] > git config --get commit.template [2ms]
[2022-02-15T10:05:27.637Z] > git symbolic-ref --short HEAD [2ms]
[2022-02-15T10:05:27.643Z] > git for-each-ref --format=%(refname)%00%(upstream:short)%00%(objectname)%00%(upstream:track) refs/heads/main refs/remotes/main [3ms]
[2022-02-15T10:05:27.652Z] > git for-each-ref --sort -committerdate --format %(refname) %(objectname) %(*objectname) [6ms]
[2022-02-15T10:05:27.655Z] > git remote --verbose [4ms]
[2022-02-15T10:05:27.662Z] > git config --get commit.template [2ms]
[2022-02-15T10:05:35.756Z] > git symbolic-ref --short HEAD [6ms]
[2022-02-15T10:05:35.769Z] > git for-each-ref --format=%(refname)%00%(upstream:short)%00%(objectname)%00%(upstream:track) refs/heads/main refs/remotes/main [6ms]
[2022-02-15T10:05:35.794Z] > git for-each-ref --sort -committerdate --format %(refname) %(objectname) %(*objectname) [15ms]
[2022-02-15T10:05:35.795Z] > git remote --verbose [7ms]
[2022-02-15T10:05:35.808Z] > git config --get commit.template [1ms]
[2022-02-15T10:05:40.868Z] > git symbolic-ref --short HEAD [12ms]
[2022-02-15T10:05:40.893Z] > git for-each-ref --format=%(refname)%00%(upstream:short)%00%(objectname)%00%(upstream:track) refs/heads/main refs/remotes/main [12ms]
[2022-02-15T10:05:40.910Z] > git for-each-ref --sort -committerdate --format %(refname) %(objectname) %(*objectname) [7ms]
[2022-02-15T10:05:40.916Z] > git remote --verbose [7ms]
[2022-02-15T10:05:40.933Z] > git config --get commit.template [5ms]
[2022-02-15T10:05:45.948Z] > git symbolic-ref --short HEAD [2ms]
[2022-02-15T10:05:45.952Z] > git for-each-ref --format=%(refname)%00%(upstream:short)%00%(objectname)%00%(upstream:track) refs/heads/main refs/remotes/main [2ms]
[2022-02-15T10:05:45.959Z] > git for-each-ref --sort -committerdate --format %(refname) %(objectname) %(*objectname) [4ms]
[2022-02-15T10:05:45.961Z] > git remote --verbose [3ms]
[2022-02-15T10:05:45.966Z] > git config --get commit.template [1ms]
[2022-02-15T10:07:09.430Z] > git symbolic-ref --short HEAD [2ms]
[2022-02-15T10:07:09.443Z] > git for-each-ref --format=%(refname)%00%(upstream:short)%00%(objectname)%00%(upstream:track) refs/heads/main refs/remotes/main [7ms]
[2022-02-15T10:07:09.456Z] > git for-each-ref --sort -committerdate --format %(refname) %(objectname) %(*objectname) [8ms]
[2022-02-15T10:07:09.458Z] > git remote --verbose [2ms]
[2022-02-15T10:07:09.469Z] > git config --get commit.template [1ms]
[2022-02-15T10:07:52.016Z] > git symbolic-ref --short HEAD [1ms]
[2022-02-15T10:07:52.021Z] > git for-each-ref --format=%(refname)%00%(upstream:short)%00%(objectname)%00%(upstream:track) refs/heads/main refs/remotes/main [2ms]
[2022-02-15T10:07:52.028Z] > git for-each-ref --sort -committerdate --format %(refname) %(objectname) %(*objectname) [4ms]
[2022-02-15T10:07:52.031Z] > git remote --verbose [3ms]
[2022-02-15T10:07:52.038Z] > git config --get commit.template [1ms]
[2022-02-15T10:07:57.053Z] > git symbolic-ref --short HEAD [3ms]
[2022-02-15T10:07:57.057Z] > git for-each-ref --format=%(refname)%00%(upstream:short)%00%(objectname)%00%(upstream:track) refs/heads/main refs/remotes/main [2ms]
[2022-02-15T10:07:57.064Z] > git for-each-ref --sort -committerdate --format %(refname) %(objectname) %(*objectname) [4ms]
[2022-02-15T10:07:57.065Z] > git remote --verbose [2ms]
[2022-02-15T10:07:57.074Z] > git config --get commit.template [1ms]
[2022-02-15T10:07:59.312Z] > git ls-files --stage -- /home/jamal/selenium-example/tests/__init__.py [2ms]
[2022-02-15T10:07:59.319Z] > git cat-file -s e69de29bb2d1d6434b8b29ae775ad8c2e48c5391 [3ms]
[2022-02-15T10:08:03.442Z] > git ls-files --stage -- /home/jamal/selenium-example/application/models.py [3ms]
[2022-02-15T10:08:03.446Z] > git cat-file -s 8bb9010bdf6e784b0a78219db96323c9f7ced975 [1ms]
[2022-02-15T10:08:08.129Z] > git ls-files --stage -- /home/jamal/selenium-example/application/routes.py [3ms]
[2022-02-15T10:08:08.133Z] > git cat-file -s 6c9fecfff71f49ac5774ceed3d0b577f25f4b03f [2ms]
[2022-02-15T10:08:10.861Z] > git ls-files --stage -- /home/jamal/selenium-example/application/forms.py [4ms]
[2022-02-15T10:08:10.873Z] > git cat-file -s 04cd7b1a9073761a4f2fb93ab84ae8369737960d [5ms]
[2022-02-15T10:08:14.410Z] > git symbolic-ref --short HEAD [2ms]
[2022-02-15T10:08:14.420Z] > git for-each-ref --format=%(refname)%00%(upstream:short)%00%(objectname)%00%(upstream:track) refs/heads/main refs/remotes/main [2ms]
[2022-02-15T10:08:14.432Z] > git for-each-ref --sort -committerdate --format %(refname) %(objectname) %(*objectname) [4ms]
[2022-02-15T10:08:14.436Z] > git remote --verbose [4ms]
[2022-02-15T10:08:14.447Z] > git config --get commit.template [3ms]
[2022-02-15T10:08:56.948Z] > git symbolic-ref --short HEAD [2ms]
[2022-02-15T10:08:56.953Z] > git for-each-ref --format=%(refname)%00%(upstream:short)%00%(objectname)%00%(upstream:track) refs/heads/main refs/remotes/main [2ms]
[2022-02-15T10:08:56.960Z] > git for-each-ref --sort -committerdate --format %(refname) %(objectname) %(*objectname) [4ms]
[2022-02-15T10:08:56.962Z] > git remote --verbose [3ms]
[2022-02-15T10:08:56.967Z] > git config --get commit.template [1ms]
[2022-02-15T10:09:01.980Z] > git symbolic-ref --short HEAD [2ms]
[2022-02-15T10:09:01.989Z] > git for-each-ref --format=%(refname)%00%(upstream:short)%00%(objectname)%00%(upstream:track) refs/heads/main refs/remotes/main [2ms]
[2022-02-15T10:09:01.995Z] > git for-each-ref --sort -committerdate --format %(refname) %(objectname) %(*objectname) [4ms]
[2022-02-15T10:09:01.996Z] > git remote --verbose [2ms]
[2022-02-15T10:09:02.002Z] > git config --get commit.template [2ms]
[2022-02-15T10:09:06.942Z] > git ls-files --stage -- /home/jamal/selenium-example/tests/test_int.py [3ms]
[2022-02-15T10:09:06.946Z] > git cat-file -s b5678f98550b499fa54e3e19102684e39c648ee0 [2ms]
[2022-02-15T10:11:36.662Z] > git symbolic-ref --short HEAD [2ms]
[2022-02-15T10:11:36.666Z] > git for-each-ref --format=%(refname)%00%(upstream:short)%00%(objectname)%00%(upstream:track) refs/heads/main refs/remotes/main [2ms]
[2022-02-15T10:11:36.672Z] > git for-each-ref --sort -committerdate --format %(refname) %(objectname) %(*objectname) [4ms]
[2022-02-15T10:11:36.674Z] > git remote --verbose [2ms]
[2022-02-15T10:11:36.679Z] > git config --get commit.template [1ms]
[2022-02-15T10:11:51.616Z] > git symbolic-ref --short HEAD [7ms]
[2022-02-15T10:11:51.631Z] > git for-each-ref --format=%(refname)%00%(upstream:short)%00%(objectname)%00%(upstream:track) refs/heads/main refs/remotes/main [8ms]
[2022-02-15T10:11:51.651Z] > git for-each-ref --sort -committerdate --format %(refname) %(objectname) %(*objectname) [13ms]
[2022-02-15T10:11:51.652Z] > git remote --verbose [6ms]
[2022-02-15T10:11:51.669Z] > git config --get commit.template [10ms]
[2022-02-15T10:11:56.718Z] > git symbolic-ref --short HEAD [2ms]
[2022-02-15T10:11:56.735Z] > git for-each-ref --format=%(refname)%00%(upstream:short)%00%(objectname)%00%(upstream:track) refs/heads/main refs/remotes/main [11ms]
[2022-02-15T10:11:56.750Z] > git for-each-ref --sort -committerdate --format %(refname) %(objectname) %(*objectname) [8ms]
[2022-02-15T10:11:56.753Z] > git remote --verbose [4ms]
[2022-02-15T10:11:56.784Z] > git config --get commit.template [11ms]
[2022-02-15T10:12:01.854Z] > git symbolic-ref --short HEAD [6ms]
[2022-02-15T10:12:01.876Z] > git for-each-ref --format=%(refname)%00%(upstream:short)%00%(objectname)%00%(upstream:track) refs/heads/main refs/remotes/main [12ms]
[2022-02-15T10:12:01.890Z] > git for-each-ref --sort -committerdate --format %(refname) %(objectname) %(*objectname) [10ms]
[2022-02-15T10:12:01.897Z] > git remote --verbose [9ms]
[2022-02-15T10:12:01.910Z] > git config --get commit.template [3ms]
[2022-02-15T10:12:06.925Z] > git symbolic-ref --short HEAD [1ms]
[2022-02-15T10:12:06.930Z] > git for-each-ref --format=%(refname)%00%(upstream:short)%00%(objectname)%00%(upstream:track) refs/heads/main refs/remotes/main [2ms]
[2022-02-15T10:12:06.938Z] > git for-each-ref --sort -committerdate --format %(refname) %(objectname) %(*objectname) [6ms]
[2022-02-15T10:12:06.938Z] > git remote --verbose [2ms]
[2022-02-15T10:12:06.944Z] > git config --get commit.template [2ms]
[2022-02-15T10:13:33.083Z] > git symbolic-ref --short HEAD [2ms]
[2022-02-15T10:13:33.087Z] > git for-each-ref --format=%(refname)%00%(upstream:short)%00%(objectname)%00%(upstream:track) refs/heads/main refs/remotes/main [1ms]
[2022-02-15T10:13:33.094Z] > git for-each-ref --sort -committerdate --format %(refname) %(objectname) %(*objectname) [4ms]
[2022-02-15T10:13:33.096Z] > git remote --verbose [3ms]
[2022-02-15T10:13:33.101Z] > git config --get commit.template [1ms]
[2022-02-15T10:13:38.187Z] > git symbolic-ref --short HEAD [6ms]
[2022-02-15T10:13:38.208Z] > git for-each-ref --format=%(refname)%00%(upstream:short)%00%(objectname)%00%(upstream:track) refs/heads/main refs/remotes/main [3ms]
[2022-02-15T10:13:38.216Z] > git for-each-ref --sort -committerdate --format %(refname) %(objectname) %(*objectname) [6ms]
[2022-02-15T10:13:38.217Z] > git remote --verbose [3ms]
[2022-02-15T10:13:38.229Z] > git config --get commit.template [1ms]
[2022-02-15T10:13:43.251Z] > git symbolic-ref --short HEAD [2ms]
[2022-02-15T10:13:43.256Z] > git for-each-ref --format=%(refname)%00%(upstream:short)%00%(objectname)%00%(upstream:track) refs/heads/main refs/remotes/main [2ms]
[2022-02-15T10:13:43.264Z] > git for-each-ref --sort -committerdate --format %(refname) %(objectname) %(*objectname) [6ms]
[2022-02-15T10:13:43.265Z] > git remote --verbose [4ms]
[2022-02-15T10:13:43.271Z] > git config --get commit.template [2ms]
[2022-02-15T10:13:48.285Z] > git symbolic-ref --short HEAD [2ms]
[2022-02-15T10:13:48.290Z] > git for-each-ref --format=%(refname)%00%(upstream:short)%00%(objectname)%00%(upstream:track) refs/heads/main refs/remotes/main [2ms]
[2022-02-15T10:13:48.297Z] > git for-each-ref --sort -committerdate --format %(refname) %(objectname) %(*objectname) [4ms]
[2022-02-15T10:13:48.299Z] > git remote --verbose [3ms]
[2022-02-15T10:13:48.305Z] > git config --get commit.template [2ms]
[2022-02-15T10:15:29.755Z] > git ls-files --stage -- /home/jamal/selenium-example/application/templates/index.html [14ms]
[2022-02-15T10:15:29.771Z] > git cat-file -s 1043bc4bdb83684201baf3a9a9744360f71fe70e [3ms]
[2022-02-15T10:15:35.074Z] > git ls-files --stage -- /home/jamal/selenium-example/application/__init__.py [4ms]
[2022-02-15T10:15:35.078Z] > git cat-file -s c4031e56bdcb9ff82cc3b4a17910c79c5ea2d7b4 [1ms]
[2022-02-15T10:16:01.824Z] > git ls-files --stage -- /home/jamal/selenium-example/application/forms.py [3ms]
[2022-02-15T10:16:01.829Z] > git cat-file -s 04cd7b1a9073761a4f2fb93ab84ae8369737960d [3ms]
[2022-02-15T10:16:13.566Z] > git ls-files --stage -- /home/jamal/selenium-example/application/models.py [4ms]
[2022-02-15T10:16:13.570Z] > git cat-file -s 8bb9010bdf6e784b0a78219db96323c9f7ced975 [2ms]
[2022-02-15T10:19:18.325Z] > git ls-files --stage -- /home/jamal/selenium-example/tests/test_int.py [4ms]
[2022-02-15T10:19:18.329Z] > git cat-file -s b5678f98550b499fa54e3e19102684e39c648ee0 [1ms]
[2022-02-15T10:19:52.388Z] > git symbolic-ref --short HEAD [2ms]
[2022-02-15T10:19:52.393Z] > git for-each-ref --format=%(refname)%00%(upstream:short)%00%(objectname)%00%(upstream:track) refs/heads/main refs/remotes/main [2ms]
[2022-02-15T10:19:52.400Z] > git for-each-ref --sort -committerdate --format %(refname) %(objectname) %(*objectname) [5ms]
[2022-02-15T10:19:52.402Z] > git remote --verbose [3ms]
[2022-02-15T10:19:52.410Z] > git config --get commit.template [1ms]
[2022-02-15T10:20:24.475Z] > git symbolic-ref --short HEAD [2ms]
[2022-02-15T10:20:24.480Z] > git for-each-ref --format=%(refname)%00%(upstream:short)%00%(objectname)%00%(upstream:track) refs/heads/main refs/remotes/main [2ms]
[2022-02-15T10:20:24.487Z] > git for-each-ref --sort -committerdate --format %(refname) %(objectname) %(*objectname) [4ms]
[2022-02-15T10:20:24.489Z] > git remote --verbose [3ms]
[2022-02-15T10:20:24.495Z] > git config --get commit.template [2ms]
[2022-02-15T10:20:47.109Z] > git symbolic-ref --short HEAD [2ms]
[2022-02-15T10:20:47.114Z] > git for-each-ref --format=%(refname)%00%(upstream:short)%00%(objectname)%00%(upstream:track) refs/heads/main refs/remotes/main [1ms]
[2022-02-15T10:20:47.121Z] > git for-each-ref --sort -committerdate --format %(refname) %(objectname) %(*objectname) [5ms]
[2022-02-15T10:20:47.123Z] > git remote --verbose [3ms]
[2022-02-15T10:20:47.128Z] > git config --get commit.template [1ms]
[2022-02-15T10:20:52.339Z] > git symbolic-ref --short HEAD [2ms]
[2022-02-15T10:20:52.371Z] > git for-each-ref --format=%(refname)%00%(upstream:short)%00%(objectname)%00%(upstream:track) refs/heads/main refs/remotes/main [12ms]
[2022-02-15T10:20:52.400Z] > git for-each-ref --sort -committerdate --format %(refname) %(objectname) %(*objectname) [12ms]
[2022-02-15T10:20:52.401Z] > git remote --verbose [9ms]
[2022-02-15T10:20:52.438Z] > git config --get commit.template [10ms]
[2022-02-15T10:20:57.537Z] > git symbolic-ref --short HEAD [7ms]
[2022-02-15T10:20:57.558Z] > git for-each-ref --format=%(refname)%00%(upstream:short)%00%(objectname)%00%(upstream:track) refs/heads/main refs/remotes/main [6ms]
[2022-02-15T10:20:57.575Z] > git for-each-ref --sort -committerdate --format %(refname) %(objectname) %(*objectname) [10ms]
[2022-02-15T10:20:57.577Z] > git remote --verbose [4ms]
[2022-02-15T10:20:57.596Z] > git config --get commit.template [12ms]
[2022-02-15T10:21:02.692Z] > git symbolic-ref --short HEAD [15ms]
[2022-02-15T10:21:02.715Z] > git for-each-ref --format=%(refname)%00%(upstream:short)%00%(objectname)%00%(upstream:track) refs/heads/main refs/remotes/main [5ms]
[2022-02-15T10:21:02.752Z] > git for-each-ref --sort -committerdate --format %(refname) %(objectname) %(*objectname) [29ms]
[2022-02-15T10:21:02.755Z] > git remote --verbose [26ms]
[2022-02-15T10:21:02.786Z] > git config --get commit.template [2ms]
[2022-02-15T10:21:07.831Z] > git symbolic-ref --short HEAD [3ms]
[2022-02-15T10:21:07.837Z] > git for-each-ref --format=%(refname)%00%(upstream:short)%00%(objectname)%00%(upstream:track) refs/heads/main refs/remotes/main [3ms]
[2022-02-15T10:21:07.844Z] > git for-each-ref --sort -committerdate --format %(refname) %(objectname) %(*objectname) [4ms]
[2022-02-15T10:21:07.846Z] > git remote --verbose [3ms]
[2022-02-15T10:21:07.854Z] > git config --get commit.template [2ms]
[2022-02-15T10:21:24.838Z] > git symbolic-ref --short HEAD [2ms]
[2022-02-15T10:21:24.843Z] > git for-each-ref --format=%(refname)%00%(upstream:short)%00%(objectname)%00%(upstream:track) refs/heads/main refs/remotes/main [2ms]
[2022-02-15T10:21:24.850Z] > git for-each-ref --sort -committerdate --format %(refname) %(objectname) %(*objectname) [4ms]
[2022-02-15T10:21:24.852Z] > git remote --verbose [3ms]
[2022-02-15T10:21:24.857Z] > git config --get commit.template [1ms]
[2022-02-15T10:21:29.894Z] > git symbolic-ref --short HEAD [2ms]
[2022-02-15T10:21:29.899Z] > git for-each-ref --format=%(refname)%00%(upstream:short)%00%(objectname)%00%(upstream:track) refs/heads/main refs/remotes/main [2ms]
[2022-02-15T10:21:29.908Z] > git remote --verbose [3ms]
[2022-02-15T10:21:29.909Z] > git for-each-ref --sort -committerdate --format %(refname) %(objectname) %(*objectname) [7ms]
[2022-02-15T10:21:29.914Z] > git config --get commit.template [1ms]
[2022-02-15T10:21:35.026Z] > git symbolic-ref --short HEAD [9ms]
[2022-02-15T10:21:35.043Z] > git for-each-ref --format=%(refname)%00%(upstream:short)%00%(objectname)%00%(upstream:track) refs/heads/main refs/remotes/main [9ms]
[2022-02-15T10:21:35.065Z] > git remote --verbose [2ms]
[2022-02-15T10:21:35.065Z] > git for-each-ref --sort -committerdate --format %(refname) %(objectname) %(*objectname) [16ms]
[2022-02-15T10:21:35.096Z] > git config --get commit.template [5ms]
[2022-02-15T10:21:40.144Z] > git symbolic-ref --short HEAD [4ms]
[2022-02-15T10:21:40.164Z] > git for-each-ref --format=%(refname)%00%(upstream:short)%00%(objectname)%00%(upstream:track) refs/heads/main refs/remotes/main [12ms]
[2022-02-15T10:21:40.188Z] > git for-each-ref --sort -committerdate --format %(refname) %(objectname) %(*objectname) [20ms]
[2022-02-15T10:21:40.192Z] > git remote --verbose [10ms]
[2022-02-15T10:21:40.233Z] > git config --get commit.template [2ms]
[2022-02-15T10:21:45.259Z] > git symbolic-ref --short HEAD [2ms]
[2022-02-15T10:21:45.265Z] > git for-each-ref --format=%(refname)%00%(upstream:short)%00%(objectname)%00%(upstream:track) refs/heads/main refs/remotes/main [4ms]
[2022-02-15T10:21:45.272Z] > git for-each-ref --sort -committerdate --format %(refname) %(objectname) %(*objectname) [4ms]
[2022-02-15T10:21:45.278Z] > git remote --verbose [6ms]
[2022-02-15T10:21:45.285Z] > git config --get commit.template [3ms]
[2022-02-15T10:21:50.298Z] > git symbolic-ref --short HEAD [2ms]
[2022-02-15T10:21:50.303Z] > git for-each-ref --format=%(refname)%00%(upstream:short)%00%(objectname)%00%(upstream:track) refs/heads/main refs/remotes/main [2ms]
[2022-02-15T10:21:50.310Z] > git for-each-ref --sort -committerdate --format %(refname) %(objectname) %(*objectname) [5ms]
[2022-02-15T10:21:50.311Z] > git remote --verbose [2ms]
[2022-02-15T10:21:50.317Z] > git config --get commit.template [2ms]
[2022-02-15T10:22:14.987Z] > git symbolic-ref --short HEAD [2ms]
[2022-02-15T10:22:14.991Z] > git for-each-ref --format=%(refname)%00%(upstream:short)%00%(objectname)%00%(upstream:track) refs/heads/main refs/remotes/main [2ms]
[2022-02-15T10:22:14.998Z] > git for-each-ref --sort -committerdate --format %(refname) %(objectname) %(*objectname) [4ms]
[2022-02-15T10:22:14.999Z] > git remote --verbose [2ms]
[2022-02-15T10:22:15.005Z] > git config --get commit.template [2ms]
[2022-02-15T10:22:20.044Z] > git symbolic-ref --short HEAD [2ms]
[2022-02-15T10:22:20.054Z] > git for-each-ref --format=%(refname)%00%(upstream:short)%00%(objectname)%00%(upstream:track) refs/heads/main refs/remotes/main [5ms]
[2022-02-15T10:22:20.063Z] > git remote --verbose [3ms]
[2022-02-15T10:22:20.065Z] > git for-each-ref --sort -committerdate --format %(refname) %(objectname) %(*objectname) [9ms]
[2022-02-15T10:22:20.070Z] > git config --get commit.template [1ms]
[2022-02-15T10:22:25.176Z] > git symbolic-ref --short HEAD [6ms]
[2022-02-15T10:22:25.191Z] > git for-each-ref --format=%(refname)%00%(upstream:short)%00%(objectname)%00%(upstream:track) refs/heads/main refs/remotes/main [8ms]
[2022-02-15T10:22:25.213Z] > git for-each-ref --sort -committerdate --format %(refname) %(objectname) %(*objectname) [19ms]
[2022-02-15T10:22:25.220Z] > git remote --verbose [7ms]
[2022-02-15T10:22:25.233Z] > git config --get commit.template [9ms]
[2022-02-15T10:22:30.298Z] > git symbolic-ref --short HEAD [4ms]
[2022-02-15T10:22:30.311Z] > git for-each-ref --format=%(refname)%00%(upstream:short)%00%(objectname)%00%(upstream:track) refs/heads/main refs/remotes/main [5ms]
[2022-02-15T10:22:30.331Z] > git for-each-ref --sort -committerdate --format %(refname) %(objectname) %(*objectname) [16ms]
[2022-02-15T10:22:30.335Z] > git remote --verbose [8ms]
[2022-02-15T10:22:30.356Z] > git config --get commit.template [4ms]
[2022-02-15T10:22:35.396Z] > git symbolic-ref --short HEAD [2ms]
[2022-02-15T10:22:35.403Z] > git for-each-ref --format=%(refname)%00%(upstream:short)%00%(objectname)%00%(upstream:track) refs/heads/main refs/remotes/main [3ms]
[2022-02-15T10:22:35.411Z] > git for-each-ref --sort -committerdate --format %(refname) %(objectname) %(*objectname) [6ms]
[2022-02-15T10:22:35.412Z] > git remote --verbose [3ms]
[2022-02-15T10:22:35.420Z] > git config --get commit.template [4ms]
[2022-02-15T10:22:40.434Z] > git symbolic-ref --short HEAD [2ms]
[2022-02-15T10:22:40.438Z] > git for-each-ref --format=%(refname)%00%(upstream:short)%00%(objectname)%00%(upstream:track) refs/heads/main refs/remotes/main [2ms]
[2022-02-15T10:22:40.445Z] > git for-each-ref --sort -committerdate --format %(refname) %(objectname) %(*objectname) [5ms]
[2022-02-15T10:22:40.446Z] > git remote --verbose [2ms]
[2022-02-15T10:22:40.452Z] > git config --get commit.template [2ms]
[2022-02-15T10:25:51.090Z] > git symbolic-ref --short HEAD [2ms]
[2022-02-15T10:25:51.095Z] > git for-each-ref --format=%(refname)%00%(upstream:short)%00%(objectname)%00%(upstream:track) refs/heads/main refs/remotes/main [2ms]
[2022-02-15T10:25:51.102Z] > git for-each-ref --sort -committerdate --format %(refname) %(objectname) %(*objectname) [5ms]
[2022-02-15T10:25:51.103Z] > git remote --verbose [2ms]
[2022-02-15T10:25:51.109Z] > git config --get commit.template [1ms]
[2022-02-15T10:25:56.148Z] > git symbolic-ref --short HEAD [2ms]
[2022-02-15T10:25:56.163Z] > git for-each-ref --format=%(refname)%00%(upstream:short)%00%(objectname)%00%(upstream:track) refs/heads/main refs/remotes/main [6ms]
[2022-02-15T10:25:56.182Z] > git for-each-ref --sort -committerdate --format %(refname) %(objectname) %(*objectname) [8ms]
[2022-02-15T10:25:56.188Z] > git remote --verbose [7ms]
[2022-02-15T10:25:56.199Z] > git config --get commit.template [4ms]
[2022-02-15T10:26:01.281Z] > git symbolic-ref --short HEAD [6ms]
[2022-02-15T10:26:01.298Z] > git for-each-ref --format=%(refname)%00%(upstream:short)%00%(objectname)%00%(upstream:track) refs/heads/main refs/remotes/main [5ms]
[2022-02-15T10:26:01.318Z] > git for-each-ref --sort -committerdate --format %(refname) %(objectname) %(*objectname) [16ms]
[2022-02-15T10:26:01.321Z] > git remote --verbose [7ms]
[2022-02-15T10:26:01.355Z] > git config --get commit.template [9ms]
[2022-02-15T10:26:06.439Z] > git symbolic-ref --short HEAD [7ms]
[2022-02-15T10:26:06.463Z] > git for-each-ref --format=%(refname)%00%(upstream:short)%00%(objectname)%00%(upstream:track) refs/heads/main refs/remotes/main [6ms]
[2022-02-15T10:26:06.485Z] > git for-each-ref --sort -committerdate --format %(refname) %(objectname) %(*objectname) [13ms]
[2022-02-15T10:26:06.486Z] > git remote --verbose [8ms]
[2022-02-15T10:26:06.511Z] > git config --get commit.template [6ms]
[2022-02-15T10:26:11.684Z] > git symbolic-ref --short HEAD [9ms]
[2022-02-15T10:26:11.714Z] > git for-each-ref --format=%(refname)%00%(upstream:short)%00%(objectname)%00%(upstream:track) refs/heads/main refs/remotes/main [8ms]
[2022-02-15T10:26:11.844Z] > git remote --verbose [115ms]
[2022-02-15T10:26:11.844Z] > git for-each-ref --sort -committerdate --format %(refname) %(objectname) %(*objectname) [123ms]
[2022-02-15T10:26:11.882Z] > git config --get commit.template [4ms]
[2022-02-15T10:26:16.913Z] > git symbolic-ref --short HEAD [6ms]
[2022-02-15T10:26:16.922Z] > git for-each-ref --format=%(refname)%00%(upstream:short)%00%(objectname)%00%(upstream:track) refs/heads/main refs/remotes/main [3ms]
[2022-02-15T10:26:16.933Z] > git for-each-ref --sort -committerdate --format %(refname) %(objectname) %(*objectname) [6ms]
[2022-02-15T10:26:16.938Z] > git remote --verbose [7ms]
[2022-02-15T10:26:16.951Z] > git config --get commit.template [6ms]
[2022-02-15T10:27:03.938Z] > git symbolic-ref --short HEAD [2ms]
[2022-02-15T10:27:03.943Z] > git for-each-ref --format=%(refname)%00%(upstream:short)%00%(objectname)%00%(upstream:track) refs/heads/main refs/remotes/main [3ms]
[2022-02-15T10:27:03.950Z] > git for-each-ref --sort -committerdate --format %(refname) %(objectname) %(*objectname) [5ms]
[2022-02-15T10:27:03.951Z] > git remote --verbose [2ms]
[2022-02-15T10:27:03.956Z] > git config --get commit.template [1ms]
[2022-02-15T10:27:08.986Z] > git symbolic-ref --short HEAD [2ms]
[2022-02-15T10:27:08.991Z] > git for-each-ref --format=%(refname)%00%(upstream:short)%00%(objectname)%00%(upstream:track) refs/heads/main refs/remotes/main [2ms]
[2022-02-15T10:27:08.998Z] > git for-each-ref --sort -committerdate --format %(refname) %(objectname) %(*objectname) [5ms]
[2022-02-15T10:27:09.000Z] > git remote --verbose [3ms]
[2022-02-15T10:27:09.009Z] > git config --get commit.template [3ms]
[2022-02-15T10:27:14.066Z] > git symbolic-ref --short HEAD [8ms]
[2022-02-15T10:27:14.081Z] > git for-each-ref --format=%(refname)%00%(upstream:short)%00%(objectname)%00%(upstream:track) refs/heads/main refs/remotes/main [2ms]
[2022-02-15T10:27:14.100Z] > git for-each-ref --sort -committerdate --format %(refname) %(objectname) %(*objectname) [12ms]
[2022-02-15T10:27:14.106Z] > git remote --verbose [6ms]
[2022-02-15T10:27:14.119Z] > git config --get commit.template [2ms]
[2022-02-15T10:27:19.146Z] > git symbolic-ref --short HEAD [2ms]
[2022-02-15T10:27:19.153Z] > git for-each-ref --format=%(refname)%00%(upstream:short)%00%(objectname)%00%(upstream:track) refs/heads/main refs/remotes/main [2ms]
[2022-02-15T10:27:19.162Z] > git for-each-ref --sort -committerdate --format %(refname) %(objectname) %(*objectname) [6ms]
[2022-02-15T10:27:19.163Z] > git remote --verbose [3ms]
[2022-02-15T10:27:19.172Z] > git config --get commit.template [1ms]
[2022-02-15T10:27:24.192Z] > git symbolic-ref --short HEAD [3ms]
[2022-02-15T10:27:24.196Z] > git for-each-ref --format=%(refname)%00%(upstream:short)%00%(objectname)%00%(upstream:track) refs/heads/main refs/remotes/main [2ms]
[2022-02-15T10:27:24.203Z] > git for-each-ref --sort -committerdate --format %(refname) %(objectname) %(*objectname) [5ms]
[2022-02-15T10:27:24.205Z] > git remote --verbose [3ms]
[2022-02-15T10:27:24.210Z] > git config --get commit.template [2ms]
[2022-02-15T10:27:47.327Z] > git log --format=%H%n%aN%n%aE%n%at%n%ct%n%P%n%B -z -n21 -- /home/jamal/selenium-example/tests/test_int.py [47ms]
[2022-02-15T10:29:29.721Z] > git symbolic-ref --short HEAD [2ms]
[2022-02-15T10:29:29.726Z] > git for-each-ref --format=%(refname)%00%(upstream:short)%00%(objectname)%00%(upstream:track) refs/heads/main refs/remotes/main [2ms]
[2022-02-15T10:29:29.733Z] > git for-each-ref --sort -committerdate --format %(refname) %(objectname) %(*objectname) [5ms]
[2022-02-15T10:29:29.734Z] > git remote --verbose [2ms]
[2022-02-15T10:29:29.740Z] > git config --get commit.template [2ms]
[2022-02-15T10:30:28.309Z] > git symbolic-ref --short HEAD [3ms]
[2022-02-15T10:30:28.317Z] > git for-each-ref --format=%(refname)%00%(upstream:short)%00%(objectname)%00%(upstream:track) refs/heads/main refs/remotes/main [2ms]
[2022-02-15T10:30:28.325Z] > git for-each-ref --sort -committerdate --format %(refname) %(objectname) %(*objectname) [5ms]
[2022-02-15T10:30:28.326Z] > git remote --verbose [3ms]
[2022-02-15T10:30:28.334Z] > git config --get commit.template [1ms]
[2022-02-15T10:30:33.353Z] > git symbolic-ref --short HEAD [2ms]
[2022-02-15T10:30:33.357Z] > git for-each-ref --format=%(refname)%00%(upstream:short)%00%(objectname)%00%(upstream:track) refs/heads/main refs/remotes/main [2ms]
[2022-02-15T10:30:33.364Z] > git for-each-ref --sort -committerdate --format %(refname) %(objectname) %(*objectname) [5ms]
[2022-02-15T10:30:33.365Z] > git remote --verbose [2ms]
[2022-02-15T10:30:33.371Z] > git config --get commit.template [2ms]
[2022-02-15T10:31:15.222Z] > git ls-files --stage -- /home/jamal/selenium-example/application/forms.py [3ms]
[2022-02-15T10:31:15.228Z] > git cat-file -s 04cd7b1a9073761a4f2fb93ab84ae8369737960d [2ms]
[2022-02-15T10:31:45.185Z] > git ls-files --stage -- /home/jamal/selenium-example/application/models.py [3ms]
[2022-02-15T10:31:45.190Z] > git cat-file -s 8bb9010bdf6e784b0a78219db96323c9f7ced975 [2ms]
[2022-02-15T10:31:46.739Z] > git ls-files --stage -- /home/jamal/selenium-example/application/routes.py [2ms]
[2022-02-15T10:31:46.743Z] > git cat-file -s 6c9fecfff71f49ac5774ceed3d0b577f25f4b03f [1ms]
[2022-02-15T10:32:25.708Z] > git ls-files --stage -- /home/jamal/selenium-example/tests/test_int.py [4ms]
[2022-02-15T10:32:25.713Z] > git cat-file -s b5678f98550b499fa54e3e19102684e39c648ee0 [2ms]
[2022-02-15T10:32:48.790Z] > git symbolic-ref --short HEAD [2ms]
[2022-02-15T10:32:48.795Z] > git for-each-ref --format=%(refname)%00%(upstream:short)%00%(objectname)%00%(upstream:track) refs/heads/main refs/remotes/main [2ms]
[2022-02-15T10:32:48.802Z] > git for-each-ref --sort -committerdate --format %(refname) %(objectname) %(*objectname) [4ms]
[2022-02-15T10:32:48.805Z] > git remote --verbose [3ms]
[2022-02-15T10:32:48.811Z] > git config --get commit.template [1ms]
[2022-02-15T10:32:53.892Z] > git symbolic-ref --short HEAD [12ms]
[2022-02-15T10:32:53.911Z] > git for-each-ref --format=%(refname)%00%(upstream:short)%00%(objectname)%00%(upstream:track) refs/heads/main refs/remotes/main [8ms]
[2022-02-15T10:32:53.937Z] > git for-each-ref --sort -committerdate --format %(refname) %(objectname) %(*objectname) [12ms]
[2022-02-15T10:32:53.940Z] > git remote --verbose [6ms]
[2022-02-15T10:32:53.980Z] > git config --get commit.template [24ms]
[2022-02-15T10:32:59.018Z] > git symbolic-ref --short HEAD [2ms]
[2022-02-15T10:32:59.026Z] > git for-each-ref --format=%(refname)%00%(upstream:short)%00%(objectname)%00%(upstream:track) refs/heads/main refs/remotes/main [3ms]
[2022-02-15T10:32:59.034Z] > git for-each-ref --sort -committerdate --format %(refname) %(objectname) %(*objectname) [5ms]
[2022-02-15T10:32:59.035Z] > git remote --verbose [2ms]
[2022-02-15T10:32:59.044Z] > git config --get commit.template [2ms]
[2022-02-15T10:33:04.144Z] > git symbolic-ref --short HEAD [11ms]
[2022-02-15T10:33:04.169Z] > git for-each-ref --format=%(refname)%00%(upstream:short)%00%(objectname)%00%(upstream:track) refs/heads/main refs/remotes/main [11ms]
[2022-02-15T10:33:04.195Z] > git for-each-ref --sort -committerdate --format %(refname) %(objectname) %(*objectname) [10ms]
[2022-02-15T10:33:04.198Z] > git remote --verbose [8ms]
[2022-02-15T10:33:04.224Z] > git config --get commit.template [7ms]
[2022-02-15T10:33:09.256Z] > git symbolic-ref --short HEAD [2ms]
[2022-02-15T10:33:09.263Z] > git for-each-ref --format=%(refname)%00%(upstream:short)%00%(objectname)%00%(upstream:track) refs/heads/main refs/remotes/main [3ms]
[2022-02-15T10:33:09.270Z] > git for-each-ref --sort -committerdate --format %(refname) %(objectname) %(*objectname) [5ms]
[2022-02-15T10:33:09.273Z] > git remote --verbose [4ms]
[2022-02-15T10:33:09.278Z] > git config --get commit.template [1ms]
[2022-02-15T10:42:44.717Z] > git symbolic-ref --short HEAD [4ms]
[2022-02-15T10:42:44.723Z] > git for-each-ref --format=%(refname)%00%(upstream:short)%00%(objectname)%00%(upstream:track) refs/heads/main refs/remotes/main [2ms]
[2022-02-15T10:42:44.732Z] > git remote --verbose [3ms]
[2022-02-15T10:42:44.732Z] > git for-each-ref --sort -committerdate --format %(refname) %(objectname) %(*objectname) [7ms]
[2022-02-15T10:42:44.741Z] > git config --get commit.template [1ms]
[2022-02-15T10:44:11.562Z] > git ls-files --stage -- /home/jamal/selenium-example/application/models.py [4ms]
[2022-02-15T10:44:11.567Z] > git cat-file -s 8bb9010bdf6e784b0a78219db96323c9f7ced975 [2ms]
[2022-02-15T10:44:14.883Z] > git ls-files --stage -- /home/jamal/selenium-example/tests/test_int.py [2ms]
[2022-02-15T10:44:14.889Z] > git cat-file -s b5678f98550b499fa54e3e19102684e39c648ee0 [2ms]
[2022-02-15T10:49:07.278Z] > git symbolic-ref --short HEAD [2ms]
[2022-02-15T10:49:07.283Z] > git for-each-ref --format=%(refname)%00%(upstream:short)%00%(objectname)%00%(upstream:track) refs/heads/main refs/remotes/main [2ms]
[2022-02-15T10:49:07.290Z] > git for-each-ref --sort -committerdate --format %(refname) %(objectname) %(*objectname) [4ms]
[2022-02-15T10:49:07.292Z] > git remote --verbose [2ms]
[2022-02-15T10:49:07.299Z] > git config --get commit.template [2ms]
[2022-02-15T10:49:10.818Z] > git log --format=%H%n%aN%n%aE%n%at%n%ct%n%P%n%B -z -n21 -- /home/jamal/selenium-example/tests/test_int.py [21ms]
[2022-02-15T10:49:12.641Z] > git ls-files --stage -- /home/jamal/selenium-example/application/routes.py [3ms]
[2022-02-15T10:49:12.645Z] > git cat-file -s 6c9fecfff71f49ac5774ceed3d0b577f25f4b03f [1ms]
[2022-02-15T10:49:13.106Z] > git ls-files --stage -- /home/jamal/selenium-example/application/models.py [2ms]
[2022-02-15T10:49:13.110Z] > git cat-file -s 8bb9010bdf6e784b0a78219db96323c9f7ced975 [2ms]
[2022-02-15T10:49:23.705Z] > git symbolic-ref --short HEAD [2ms]
[2022-02-15T10:49:23.710Z] > git for-each-ref --format=%(refname)%00%(upstream:short)%00%(objectname)%00%(upstream:track) refs/heads/main refs/remotes/main [2ms]
[2022-02-15T10:49:23.717Z] > git for-each-ref --sort -committerdate --format %(refname) %(objectname) %(*objectname) [4ms]
[2022-02-15T10:49:23.719Z] > git remote --verbose [2ms]
[2022-02-15T10:49:23.724Z] > git config --get commit.template [1ms]
[2022-02-15T10:49:34.468Z] > git symbolic-ref --short HEAD [2ms]
[2022-02-15T10:49:34.473Z] > git for-each-ref --format=%(refname)%00%(upstream:short)%00%(objectname)%00%(upstream:track) refs/heads/main refs/remotes/main [2ms]
[2022-02-15T10:49:34.480Z] > git for-each-ref --sort -committerdate --format %(refname) %(objectname) %(*objectname) [4ms]
[2022-02-15T10:49:34.481Z] > git remote --verbose [1ms]
[2022-02-15T10:49:34.487Z] > git config --get commit.template [1ms]
[2022-02-15T10:49:39.357Z] > git ls-files --stage -- /home/jamal/selenium-example/application/forms.py [3ms]
[2022-02-15T10:49:39.362Z] > git cat-file -s 04cd7b1a9073761a4f2fb93ab84ae8369737960d [1ms]
[2022-02-15T10:49:39.500Z] > git symbolic-ref --short HEAD [2ms]
[2022-02-15T10:49:39.504Z] > git for-each-ref --format=%(refname)%00%(upstream:short)%00%(objectname)%00%(upstream:track) refs/heads/main refs/remotes/main [2ms]
[2022-02-15T10:49:39.511Z] > git for-each-ref --sort -committerdate --format %(refname) %(objectname) %(*objectname) [4ms]
[2022-02-15T10:49:39.513Z] > git remote --verbose [3ms]
[2022-02-15T10:49:39.518Z] > git config --get commit.template [1ms]
[2022-02-15T10:49:45.413Z] > git symbolic-ref --short HEAD [5ms]
[2022-02-15T10:49:45.428Z] > git for-each-ref --format=%(refname)%00%(upstream:short)%00%(objectname)%00%(upstream:track) refs/heads/main refs/remotes/main [9ms]
[2022-02-15T10:49:45.445Z] > git for-each-ref --sort -committerdate --format %(refname) %(objectname) %(*objectname) [13ms]
[2022-02-15T10:49:45.447Z] > git remote --verbose [3ms]
[2022-02-15T10:49:45.468Z] > git config --get commit.template [8ms]
[2022-02-15T10:49:56.307Z] > git symbolic-ref --short HEAD [2ms]
[2022-02-15T10:49:56.311Z] > git for-each-ref --format=%(refname)%00%(upstream:short)%00%(objectname)%00%(upstream:track) refs/heads/main refs/remotes/main [1ms]
[2022-02-15T10:49:56.319Z] > git for-each-ref --sort -committerdate --format %(refname) %(objectname) %(*objectname) [5ms]
[2022-02-15T10:49:56.320Z] > git remote --verbose [2ms]
[2022-02-15T10:49:56.326Z] > git config --get commit.template [1ms]
[2022-02-15T10:50:15.268Z] > git symbolic-ref --short HEAD [3ms]
[2022-02-15T10:50:15.275Z] > git for-each-ref --format=%(refname)%00%(upstream:short)%00%(objectname)%00%(upstream:track) refs/heads/main refs/remotes/main [2ms]
[2022-02-15T10:50:15.282Z] > git for-each-ref --sort -committerdate --format %(refname) %(objectname) %(*objectname) [4ms]
[2022-02-15T10:50:15.284Z] > git remote --verbose [2ms]
[2022-02-15T10:50:15.289Z] > git config --get commit.template [1ms]
[2022-02-15T10:50:17.004Z] > git ls-files --stage -- /home/jamal/selenium-example/application/models.py [2ms]
[2022-02-15T10:50:17.008Z] > git cat-file -s 8bb9010bdf6e784b0a78219db96323c9f7ced975 [1ms]
[2022-02-15T10:50:20.302Z] > git symbolic-ref --short HEAD [1ms]
[2022-02-15T10:50:20.307Z] > git for-each-ref --format=%(refname)%00%(upstream:short)%00%(objectname)%00%(upstream:track) refs/heads/main refs/remotes/main [2ms]
[2022-02-15T10:50:20.314Z] > git for-each-ref --sort -committerdate --format %(refname) %(objectname) %(*objectname) [4ms]
[2022-02-15T10:50:20.316Z] > git remote --verbose [3ms]
[2022-02-15T10:50:20.321Z] > git config --get commit.template [2ms]
[2022-02-15T10:50:25.347Z] > git symbolic-ref --short HEAD [3ms]
[2022-02-15T10:50:25.359Z] > git for-each-ref --format=%(refname)%00%(upstream:short)%00%(objectname)%00%(upstream:track) refs/heads/main refs/remotes/main [7ms]
[2022-02-15T10:50:25.370Z] > git for-each-ref --sort -committerdate --format %(refname) %(objectname) %(*objectname) [6ms]
[2022-02-15T10:50:25.376Z] > git remote --verbose [7ms]
[2022-02-15T10:50:25.386Z] > git config --get commit.template [3ms]
[2022-02-15T10:50:42.227Z] > git symbolic-ref --short HEAD [7ms]
[2022-02-15T10:50:42.236Z] > git for-each-ref --format=%(refname)%00%(upstream:short)%00%(objectname)%00%(upstream:track) refs/heads/main refs/remotes/main [4ms]
[2022-02-15T10:50:42.248Z] > git for-each-ref --sort -committerdate --format %(refname) %(objectname) %(*objectname) [4ms]
[2022-02-15T10:50:42.252Z] > git remote --verbose [4ms]
[2022-02-15T10:50:42.263Z] > git config --get commit.template [3ms]
[2022-02-15T10:50:47.277Z] > git symbolic-ref --short HEAD [3ms]
[2022-02-15T10:50:47.281Z] > git for-each-ref --format=%(refname)%00%(upstream:short)%00%(objectname)%00%(upstream:track) refs/heads/main refs/remotes/main [2ms]
[2022-02-15T10:50:47.288Z] > git for-each-ref --sort -committerdate --format %(refname) %(objectname) %(*objectname) [4ms]
[2022-02-15T10:50:47.289Z] > git remote --verbose [2ms]
[2022-02-15T10:50:47.304Z] > git config --get commit.template [11ms]
[2022-02-15T10:50:47.306Z] > git ls-files --stage -- /home/jamal/selenium-example/application/forms.py [3ms]
[2022-02-15T10:50:47.310Z] > git cat-file -s 04cd7b1a9073761a4f2fb93ab84ae8369737960d [1ms]
[2022-02-15T10:50:58.031Z] > git symbolic-ref --short HEAD [4ms]
[2022-02-15T10:50:58.043Z] > git for-each-ref --format=%(refname)%00%(upstream:short)%00%(objectname)%00%(upstream:track) refs/heads/main refs/remotes/main [5ms]
[2022-02-15T10:50:58.057Z] > git for-each-ref --sort -committerdate --format %(refname) %(objectname) %(*objectname) [7ms]
[2022-02-15T10:50:58.060Z] > git remote --verbose [4ms]
[2022-02-15T10:50:58.071Z] > git config --get commit.template [3ms]
[2022-02-15T10:51:20.786Z] > git symbolic-ref --short HEAD [2ms]
[2022-02-15T10:51:20.790Z] > git for-each-ref --format=%(refname)%00%(upstream:short)%00%(objectname)%00%(upstream:track) refs/heads/main refs/remotes/main [2ms]
[2022-02-15T10:51:20.797Z] > git for-each-ref --sort -committerdate --format %(refname) %(objectname) %(*objectname) [4ms]
[2022-02-15T10:51:20.798Z] > git remote --verbose [2ms]
[2022-02-15T10:51:20.804Z] > git config --get commit.template [2ms]
[2022-02-15T10:51:26.207Z] > git ls-files --stage -- /home/jamal/selenium-example/application/models.py [3ms]
[2022-02-15T10:51:26.213Z] > git cat-file -s 8bb9010bdf6e784b0a78219db96323c9f7ced975 [2ms]
[2022-02-15T10:51:30.425Z] > git ls-files --stage -- /home/jamal/selenium-example/application/forms.py [3ms]
[2022-02-15T10:51:30.429Z] > git cat-file -s 04cd7b1a9073761a4f2fb93ab84ae8369737960d [1ms]
[2022-02-15T10:51:36.139Z] > git symbolic-ref --short HEAD [7ms]
[2022-02-15T10:51:36.148Z] > git for-each-ref --format=%(refname)%00%(upstream:short)%00%(objectname)%00%(upstream:track) refs/heads/main refs/remotes/main [4ms]
[2022-02-15T10:51:36.160Z] > git for-each-ref --sort -committerdate --format %(refname) %(objectname) %(*objectname) [4ms]
[2022-02-15T10:51:36.164Z] > git remote --verbose [4ms]
[2022-02-15T10:51:36.175Z] > git config --get commit.template [3ms]
[2022-02-15T10:51:45.130Z] > git symbolic-ref --short HEAD [2ms]
[2022-02-15T10:51:45.134Z] > git for-each-ref --format=%(refname)%00%(upstream:short)%00%(objectname)%00%(upstream:track) refs/heads/main refs/remotes/main [1ms]
[2022-02-15T10:51:45.141Z] > git for-each-ref --sort -committerdate --format %(refname) %(objectname) %(*objectname) [4ms]
[2022-02-15T10:51:45.143Z] > git remote --verbose [2ms]
[2022-02-15T10:51:45.148Z] > git config --get commit.template [1ms]
[2022-02-15T10:51:50.162Z] > git symbolic-ref --short HEAD [1ms]
[2022-02-15T10:51:50.167Z] > git for-each-ref --format=%(refname)%00%(upstream:short)%00%(objectname)%00%(upstream:track) refs/heads/main refs/remotes/main [2ms]
[2022-02-15T10:51:50.174Z] > git for-each-ref --sort -committerdate --format %(refname) %(objectname) %(*objectname) [4ms]
[2022-02-15T10:51:50.176Z] > git remote --verbose [2ms]
[2022-02-15T10:51:50.181Z] > git config --get commit.template [1ms]
[2022-02-15T10:51:51.260Z] > git ls-files --stage -- /home/jamal/selenium-example/application/models.py [4ms]
[2022-02-15T10:51:51.264Z] > git cat-file -s 8bb9010bdf6e784b0a78219db96323c9f7ced975 [1ms]
[2022-02-15T10:51:58.476Z] > git symbolic-ref --short HEAD [2ms]
[2022-02-15T10:51:58.481Z] > git for-each-ref --format=%(refname)%00%(upstream:short)%00%(objectname)%00%(upstream:track) refs/heads/main refs/remotes/main [2ms]
[2022-02-15T10:51:58.488Z] > git for-each-ref --sort -committerdate --format %(refname) %(objectname) %(*objectname) [5ms]
[2022-02-15T10:51:58.490Z] > git remote --verbose [3ms]
[2022-02-15T10:51:58.496Z] > git config --get commit.template [2ms]
[2022-02-15T10:52:08.440Z] > git symbolic-ref --short HEAD [6ms]
[2022-02-15T10:52:08.450Z] > git for-each-ref --format=%(refname)%00%(upstream:short)%00%(objectname)%00%(upstream:track) refs/heads/main refs/remotes/main [7ms]
[2022-02-15T10:52:08.457Z] > git for-each-ref --sort -committerdate --format %(refname) %(objectname) %(*objectname) [4ms]
[2022-02-15T10:52:08.463Z] > git remote --verbose [7ms]
[2022-02-15T10:52:08.473Z] > git config --get commit.template [1ms]
[2022-02-15T10:53:11.943Z] > git symbolic-ref --short HEAD [2ms]
[2022-02-15T10:53:11.948Z] > git for-each-ref --format=%(refname)%00%(upstream:short)%00%(objectname)%00%(upstream:track) refs/heads/main refs/remotes/main [2ms]
[2022-02-15T10:53:11.954Z] > git for-each-ref --sort -committerdate --format %(refname) %(objectname) %(*objectname) [4ms]
[2022-02-15T10:53:11.956Z] > git remote --verbose [2ms]
[2022-02-15T10:53:11.961Z] > git config --get commit.template [1ms]
[2022-02-15T10:53:20.214Z] > git ls-files --stage -- /home/jamal/selenium-example/application/forms.py [2ms]
[2022-02-15T10:53:20.219Z] > git cat-file -s 04cd7b1a9073761a4f2fb93ab84ae8369737960d [1ms]
[2022-02-15T10:53:37.490Z] > git ls-files --stage -- /home/jamal/selenium-example/tests/test_int.py [3ms]
[2022-02-15T10:53:37.494Z] > git cat-file -s b5678f98550b499fa54e3e19102684e39c648ee0 [2ms]
[2022-02-15T10:55:44.930Z] > git symbolic-ref --short HEAD [2ms]
[2022-02-15T10:55:44.934Z] > git for-each-ref --format=%(refname)%00%(upstream:short)%00%(objectname)%00%(upstream:track) refs/heads/main refs/remotes/main [1ms]
[2022-02-15T10:55:44.942Z] > git for-each-ref --sort -committerdate --format %(refname) %(objectname) %(*objectname) [5ms]
[2022-02-15T10:55:44.944Z] > git remote --verbose [3ms]
[2022-02-15T10:55:44.949Z] > git config --get commit.template [2ms]
[2022-02-15T10:55:45.304Z] > git ls-files --stage -- /home/jamal/selenium-example/application/models.py [3ms]
[2022-02-15T10:55:45.308Z] > git cat-file -s 8bb9010bdf6e784b0a78219db96323c9f7ced975 [1ms]
[2022-02-15T10:55:46.817Z] > git ls-files --stage -- /home/jamal/selenium-example/application/forms.py [2ms]
[2022-02-15T10:55:46.821Z] > git cat-file -s 04cd7b1a9073761a4f2fb93ab84ae8369737960d [1ms]
[2022-02-15T10:56:39.727Z] > git ls-files --stage -- /home/jamal/selenium-example/tests/test_int.py [2ms]
[2022-02-15T10:56:39.731Z] > git cat-file -s b5678f98550b499fa54e3e19102684e39c648ee0 [1ms]
[2022-02-15T10:56:48.797Z] > git symbolic-ref --short HEAD [1ms]
[2022-02-15T10:56:48.802Z] > git for-each-ref --format=%(refname)%00%(upstream:short)%00%(objectname)%00%(upstream:track) refs/heads/main refs/remotes/main [2ms]
[2022-02-15T10:56:48.809Z] > git for-each-ref --sort -committerdate --format %(refname) %(objectname) %(*objectname) [4ms]
[2022-02-15T10:56:48.810Z] > git remote --verbose [2ms]
[2022-02-15T10:56:48.821Z] > git config --get commit.template [2ms]
[2022-02-15T10:57:48.613Z] > git symbolic-ref --short HEAD [2ms]
[2022-02-15T10:57:48.618Z] > git for-each-ref --format=%(refname)%00%(upstream:short)%00%(objectname)%00%(upstream:track) refs/heads/main refs/remotes/main [2ms]
[2022-02-15T10:57:48.626Z] > git for-each-ref --sort -committerdate --format %(refname) %(objectname) %(*objectname) [4ms]
[2022-02-15T10:57:48.627Z] > git remote --verbose [2ms]
[2022-02-15T10:57:48.633Z] > git config --get commit.template [2ms]
[2022-02-15T10:58:22.778Z] > git symbolic-ref --short HEAD [1ms]
[2022-02-15T10:58:22.784Z] > git for-each-ref --format=%(refname)%00%(upstream:short)%00%(objectname)%00%(upstream:track) refs/heads/main refs/remotes/main [3ms]
[2022-02-15T10:58:22.791Z] > git for-each-ref --sort -committerdate --format %(refname) %(objectname) %(*objectname) [4ms]
[2022-02-15T10:58:22.793Z] > git remote --verbose [2ms]
[2022-02-15T10:58:22.798Z] > git config --get commit.template [1ms]
[2022-02-15T10:58:41.860Z] > git ls-files --stage -- /home/jamal/selenium-example/application/forms.py [2ms]
[2022-02-15T10:58:41.864Z] > git cat-file -s 04cd7b1a9073761a4f2fb93ab84ae8369737960d [1ms]
[2022-02-15T10:59:49.772Z] > git symbolic-ref --short HEAD [2ms]
[2022-02-15T10:59:49.776Z] > git for-each-ref --format=%(refname)%00%(upstream:short)%00%(objectname)%00%(upstream:track) refs/heads/main refs/remotes/main [2ms]
[2022-02-15T10:59:49.783Z] > git for-each-ref --sort -committerdate --format %(refname) %(objectname) %(*objectname) [4ms]
[2022-02-15T10:59:49.784Z] > git remote --verbose [2ms]
[2022-02-15T10:59:49.790Z] > git config --get commit.template [2ms]
[2022-02-15T10:59:50.536Z] > git ls-files --stage -- /home/jamal/selenium-example/application/models.py [3ms]
[2022-02-15T10:59:50.540Z] > git cat-file -s 8bb9010bdf6e784b0a78219db96323c9f7ced975 [2ms]
[2022-02-15T10:59:58.580Z] > git symbolic-ref --short HEAD [3ms]
[2022-02-15T10:59:58.584Z] > git for-each-ref --format=%(refname)%00%(upstream:short)%00%(objectname)%00%(upstream:track) refs/heads/main refs/remotes/main [1ms]
[2022-02-15T10:59:58.597Z] > git for-each-ref --sort -committerdate --format %(refname) %(objectname) %(*objectname) [9ms]
[2022-02-15T10:59:58.598Z] > git remote --verbose [2ms]
[2022-02-15T10:59:58.604Z] > git config --get commit.template [2ms]
[2022-02-15T11:00:09.573Z] > git symbolic-ref --short HEAD [2ms]
[2022-02-15T11:00:09.577Z] > git for-each-ref --format=%(refname)%00%(upstream:short)%00%(objectname)%00%(upstream:track) refs/heads/main refs/remotes/main [1ms]
[2022-02-15T11:00:09.586Z] > git for-each-ref --sort -committerdate --format %(refname) %(objectname) %(*objectname) [6ms]
[2022-02-15T11:00:09.588Z] > git remote --verbose [2ms]
[2022-02-15T11:00:09.593Z] > git config --get commit.template [1ms]
[2022-02-15T11:00:11.837Z] > git ls-files --stage -- /home/jamal/selenium-example/application/forms.py [2ms]
[2022-02-15T11:00:11.842Z] > git cat-file -s 04cd7b1a9073761a4f2fb93ab84ae8369737960d [2ms]
[2022-02-15T11:00:14.608Z] > git symbolic-ref --short HEAD [3ms]
[2022-02-15T11:00:14.613Z] > git for-each-ref --format=%(refname)%00%(upstream:short)%00%(objectname)%00%(upstream:track) refs/heads/main refs/remotes/main [2ms]
[2022-02-15T11:00:14.620Z] > git for-each-ref --sort -committerdate --format %(refname) %(objectname) %(*objectname) [5ms]
[2022-02-15T11:00:14.621Z] > git remote --verbose [2ms]
[2022-02-15T11:00:14.626Z] > git config --get commit.template [1ms]
[2022-02-15T11:00:24.736Z] > git symbolic-ref --short HEAD [2ms]
[2022-02-15T11:00:24.742Z] > git for-each-ref --format=%(refname)%00%(upstream:short)%00%(objectname)%00%(upstream:track) refs/heads/main refs/remotes/main [2ms]
[2022-02-15T11:00:24.750Z] > git for-each-ref --sort -committerdate --format %(refname) %(objectname) %(*objectname) [6ms]
[2022-02-15T11:00:24.751Z] > git remote --verbose [2ms]
[2022-02-15T11:00:24.757Z] > git config --get commit.template [2ms]
[2022-02-15T11:00:29.420Z] > git ls-files --stage -- /home/jamal/selenium-example/application/models.py [3ms]
[2022-02-15T11:00:29.424Z] > git cat-file -s 8bb9010bdf6e784b0a78219db96323c9f7ced975 [2ms]
[2022-02-15T11:00:48.462Z] > git symbolic-ref --short HEAD [2ms]
[2022-02-15T11:00:48.467Z] > git for-each-ref --format=%(refname)%00%(upstream:short)%00%(objectname)%00%(upstream:track) refs/heads/main refs/remotes/main [2ms]
[2022-02-15T11:00:48.475Z] > git for-each-ref --sort -committerdate --format %(refname) %(objectname) %(*objectname) [4ms]
[2022-02-15T11:00:48.477Z] > git remote --verbose [2ms]
[2022-02-15T11:00:48.484Z] > git config --get commit.template [3ms]
[2022-02-15T11:00:53.497Z] > git symbolic-ref --short HEAD [2ms]
[2022-02-15T11:00:53.502Z] > git for-each-ref --format=%(refname)%00%(upstream:short)%00%(objectname)%00%(upstream:track) refs/heads/main refs/remotes/main [2ms]
[2022-02-15T11:00:53.509Z] > git for-each-ref --sort -committerdate --format %(refname) %(objectname) %(*objectname) [5ms]
[2022-02-15T11:00:53.511Z] > git remote --verbose [3ms]
[2022-02-15T11:00:53.516Z] > git config --get commit.template [1ms]
[2022-02-15T11:00:58.530Z] > git symbolic-ref --short HEAD [2ms]
[2022-02-15T11:00:58.534Z] > git for-each-ref --format=%(refname)%00%(upstream:short)%00%(objectname)%00%(upstream:track) refs/heads/main refs/remotes/main [2ms]
[2022-02-15T11:00:58.541Z] > git for-each-ref --sort -committerdate --format %(refname) %(objectname) %(*objectname) [4ms]
[2022-02-15T11:00:58.542Z] > git remote --verbose [2ms]
[2022-02-15T11:00:58.548Z] > git config --get commit.template [2ms]
[2022-02-15T11:01:42.379Z] > git symbolic-ref --short HEAD [2ms]
[2022-02-15T11:01:42.384Z] > git for-each-ref --format=%(refname)%00%(upstream:short)%00%(objectname)%00%(upstream:track) refs/heads/main refs/remotes/main [1ms]
[2022-02-15T11:01:42.391Z] > git for-each-ref --sort -committerdate --format %(refname) %(objectname) %(*objectname) [4ms]
[2022-02-15T11:01:42.393Z] > git remote --verbose [3ms]
[2022-02-15T11:01:42.398Z] > git config --get commit.template [1ms]
[2022-02-15T11:01:46.312Z] > git ls-files --stage -- /home/jamal/selenium-example/application/forms.py [2ms]
[2022-02-15T11:01:46.317Z] > git cat-file -s 04cd7b1a9073761a4f2fb93ab84ae8369737960d [2ms]
[2022-02-15T11:01:47.412Z] > git symbolic-ref --short HEAD [2ms]
[2022-02-15T11:01:47.417Z] > git for-each-ref --format=%(refname)%00%(upstream:short)%00%(objectname)%00%(upstream:track) refs/heads/main refs/remotes/main [2ms]
[2022-02-15T11:01:47.424Z] > git for-each-ref --sort -committerdate --format %(refname) %(objectname) %(*objectname) [5ms]
[2022-02-15T11:01:47.426Z] > git remote --verbose [2ms]
[2022-02-15T11:01:47.431Z] > git config --get commit.template [1ms]
[2022-02-15T11:01:53.399Z] > git ls-files --stage -- /home/jamal/selenium-example/tests/test_int.py [3ms]
[2022-02-15T11:01:53.403Z] > git cat-file -s b5678f98550b499fa54e3e19102684e39c648ee0 [2ms]
[2022-02-15T11:02:03.259Z] > git ls-files --stage -- /home/jamal/selenium-example/application/forms.py [3ms]
[2022-02-15T11:02:03.263Z] > git cat-file -s 04cd7b1a9073761a4f2fb93ab84ae8369737960d [1ms]
[2022-02-15T11:02:05.102Z] > git ls-files --stage -- /home/jamal/selenium-example/tests/test_int.py [2ms]
[2022-02-15T11:02:05.106Z] > git cat-file -s b5678f98550b499fa54e3e19102684e39c648ee0 [1ms]
[2022-02-15T11:02:08.147Z] > git symbolic-ref --short HEAD [7ms]
[2022-02-15T11:02:08.158Z] > git for-each-ref --format=%(refname)%00%(upstream:short)%00%(objectname)%00%(upstream:track) refs/heads/main refs/remotes/main [2ms]
[2022-02-15T11:02:08.172Z] > git for-each-ref --sort -committerdate --format %(refname) %(objectname) %(*objectname) [8ms]
[2022-02-15T11:02:08.174Z] > git remote --verbose [2ms]
[2022-02-15T11:02:08.184Z] > git config --get commit.template [4ms]
[2022-02-15T11:02:31.674Z] > git symbolic-ref --short HEAD [1ms]
[2022-02-15T11:02:31.680Z] > git for-each-ref --format=%(refname)%00%(upstream:short)%00%(objectname)%00%(upstream:track) refs/heads/main refs/remotes/main [3ms]
[2022-02-15T11:02:31.688Z] > git for-each-ref --sort -committerdate --format %(refname) %(objectname) %(*objectname) [6ms]
[2022-02-15T11:02:31.690Z] > git remote --verbose [4ms]
[2022-02-15T11:02:31.696Z] > git config --get commit.template [2ms]
[2022-02-15T11:02:41.896Z] > git symbolic-ref --short HEAD [4ms]
[2022-02-15T11:02:41.908Z] > git for-each-ref --format=%(refname)%00%(upstream:short)%00%(objectname)%00%(upstream:track) refs/heads/main refs/remotes/main [7ms]
[2022-02-15T11:02:41.920Z] > git for-each-ref --sort -committerdate --format %(refname) %(objectname) %(*objectname) [4ms]
[2022-02-15T11:02:41.924Z] > git remote --verbose [5ms]
[2022-02-15T11:02:41.933Z] > git config --get commit.template [1ms]
[2022-02-15T11:03:04.075Z] > git symbolic-ref --short HEAD [1ms]
[2022-02-15T11:03:04.080Z] > git for-each-ref --format=%(refname)%00%(upstream:short)%00%(objectname)%00%(upstream:track) refs/heads/main refs/remotes/main [2ms]
[2022-02-15T11:03:04.087Z] > git for-each-ref --sort -committerdate --format %(refname) %(objectname) %(*objectname) [4ms]
[2022-02-15T11:03:04.089Z] > git remote --verbose [2ms]
[2022-02-15T11:03:04.096Z] > git config --get commit.template [3ms]
[2022-02-15T11:03:10.753Z] > git symbolic-ref --short HEAD [2ms]
[2022-02-15T11:03:10.758Z] > git for-each-ref --format=%(refname)%00%(upstream:short)%00%(objectname)%00%(upstream:track) refs/heads/main refs/remotes/main [2ms]
[2022-02-15T11:03:10.766Z] > git for-each-ref --sort -committerdate --format %(refname) %(objectname) %(*objectname) [5ms]
[2022-02-15T11:03:10.768Z] > git remote --verbose [3ms]
[2022-02-15T11:03:10.774Z] > git config --get commit.template [1ms]
