[2022-02-14T16:11:32.263Z] Validating found git in: git
[2022-02-14T16:11:32.335Z] Using git 2.25.1 from git
[2022-02-14T16:11:32.409Z] > git rev-parse --git-dir [21ms]
[2022-02-14T16:11:32.416Z] Open repository: /home/jamal/selenium-example
[2022-02-14T16:11:32.440Z] > git symbolic-ref --short HEAD [6ms]
[2022-02-14T16:11:32.477Z] > git for-each-ref --format=%(refname)%00%(upstream:short)%00%(objectname)%00%(upstream:track) refs/heads/main refs/remotes/main [34ms]
[2022-02-14T16:11:32.488Z] > git for-each-ref --sort -committerdate --format %(refname) %(objectname) %(*objectname) [7ms]
[2022-02-14T16:11:32.495Z] > git remote --verbose [10ms]
[2022-02-14T16:11:32.508Z] > git config --get commit.template [7ms]
[2022-02-14T16:11:32.836Z] > git ls-files --stage -- /home/jamal/selenium-example/create.py [4ms]
[2022-02-14T16:11:32.840Z] > git cat-file -s 36c41708bc501dae5692096f87f59a881ceab521 [1ms]
[2022-02-14T16:13:33.067Z] > git symbolic-ref --short HEAD [3ms]
[2022-02-14T16:13:33.074Z] > git for-each-ref --format=%(refname)%00%(upstream:short)%00%(objectname)%00%(upstream:track) refs/heads/main refs/remotes/main [2ms]
[2022-02-14T16:13:33.083Z] > git for-each-ref --sort -committerdate --format %(refname) %(objectname) %(*objectname) [6ms]
[2022-02-14T16:13:33.085Z] > git remote --verbose [4ms]
[2022-02-14T16:13:33.094Z] > git config --get commit.template [2ms]
[2022-02-14T16:13:44.977Z] > git symbolic-ref --short HEAD [2ms]
[2022-02-14T16:13:44.988Z] > git for-each-ref --format=%(refname)%00%(upstream:short)%00%(objectname)%00%(upstream:track) refs/heads/main refs/remotes/main [5ms]
[2022-02-14T16:13:45.004Z] > git for-each-ref --sort -committerdate --format %(refname) %(objectname) %(*objectname) [9ms]
[2022-02-14T16:13:45.006Z] > git remote --verbose [3ms]
[2022-02-14T16:13:45.018Z] > git config --get commit.template [3ms]
[2022-02-14T16:13:50.031Z] > git symbolic-ref --short HEAD [2ms]
[2022-02-14T16:13:50.036Z] > git for-each-ref --format=%(refname)%00%(upstream:short)%00%(objectname)%00%(upstream:track) refs/heads/main refs/remotes/main [2ms]
[2022-02-14T16:13:50.043Z] > git for-each-ref --sort -committerdate --format %(refname) %(objectname) %(*objectname) [4ms]
[2022-02-14T16:13:50.045Z] > git remote --verbose [2ms]
[2022-02-14T16:13:50.051Z] > git config --get commit.template [1ms]
[2022-02-14T16:14:02.728Z] > git symbolic-ref --short HEAD [2ms]
[2022-02-14T16:14:02.732Z] > git for-each-ref --format=%(refname)%00%(upstream:short)%00%(objectname)%00%(upstream:track) refs/heads/main refs/remotes/main [2ms]
[2022-02-14T16:14:02.740Z] > git for-each-ref --sort -committerdate --format %(refname) %(objectname) %(*objectname) [5ms]
[2022-02-14T16:14:02.742Z] > git remote --verbose [3ms]
[2022-02-14T16:14:02.748Z] > git config --get commit.template [1ms]
[2022-02-14T16:55:09.361Z] > git symbolic-ref --short HEAD [2ms]
[2022-02-14T16:55:09.367Z] > git for-each-ref --format=%(refname)%00%(upstream:short)%00%(objectname)%00%(upstream:track) refs/heads/main refs/remotes/main [2ms]
[2022-02-14T16:55:09.375Z] > git for-each-ref --sort -committerdate --format %(refname) %(objectname) %(*objectname) [6ms]
[2022-02-14T16:55:09.377Z] > git remote --verbose [3ms]
[2022-02-14T16:55:09.387Z] > git config --get commit.template [2ms]
[2022-02-14T16:55:13.637Z] > git ls-files --stage -- /home/jamal/selenium-example/application/templates/index.html [8ms]
[2022-02-14T16:55:13.658Z] > git cat-file -s 1043bc4bdb83684201baf3a9a9744360f71fe70e [11ms]
[2022-02-14T16:55:17.801Z] > git ls-files --stage -- /home/jamal/selenium-example/application/__init__.py [3ms]
[2022-02-14T16:55:17.805Z] > git cat-file -s c4031e56bdcb9ff82cc3b4a17910c79c5ea2d7b4 [1ms]
[2022-02-14T16:55:34.094Z] > git ls-files --stage -- /home/jamal/selenium-example/application/forms.py [3ms]
[2022-02-14T16:55:34.098Z] > git cat-file -s 04cd7b1a9073761a4f2fb93ab84ae8369737960d [2ms]
[2022-02-14T16:55:38.789Z] > git ls-files --stage -- /home/jamal/selenium-example/application/models.py [3ms]
[2022-02-14T16:55:38.794Z] > git cat-file -s 8bb9010bdf6e784b0a78219db96323c9f7ced975 [2ms]
[2022-02-14T16:55:40.374Z] > git ls-files --stage -- /home/jamal/selenium-example/application/routes.py [3ms]
[2022-02-14T16:55:40.378Z] > git cat-file -s 6c9fecfff71f49ac5774ceed3d0b577f25f4b03f [1ms]
[2022-02-14T16:56:51.969Z] > git ls-files --stage -- /home/jamal/selenium-example/application/forms.py [4ms]
[2022-02-14T16:56:51.973Z] > git cat-file -s 04cd7b1a9073761a4f2fb93ab84ae8369737960d [2ms]
[2022-02-14T16:59:20.617Z] > git ls-files --stage -- /home/jamal/selenium-example/tests/test_int.py [3ms]
[2022-02-14T16:59:20.622Z] > git cat-file -s b5678f98550b499fa54e3e19102684e39c648ee0 [2ms]
[2022-02-14T17:06:07.895Z] > git symbolic-ref --short HEAD [3ms]
[2022-02-14T17:06:07.901Z] > git for-each-ref --format=%(refname)%00%(upstream:short)%00%(objectname)%00%(upstream:track) refs/heads/main refs/remotes/main [1ms]
[2022-02-14T17:06:07.909Z] > git for-each-ref --sort -committerdate --format %(refname) %(objectname) %(*objectname) [5ms]
[2022-02-14T17:06:07.912Z] > git remote --verbose [4ms]
[2022-02-14T17:06:07.921Z] > git config --get commit.template [2ms]
[2022-02-14T17:06:25.955Z] > git symbolic-ref --short HEAD [3ms]
[2022-02-14T17:06:25.960Z] > git for-each-ref --format=%(refname)%00%(upstream:short)%00%(objectname)%00%(upstream:track) refs/heads/main refs/remotes/main [2ms]
[2022-02-14T17:06:25.972Z] > git for-each-ref --sort -committerdate --format %(refname) %(objectname) %(*objectname) [9ms]
[2022-02-14T17:06:25.974Z] > git remote --verbose [2ms]
[2022-02-14T17:06:25.982Z] > git config --get commit.template [2ms]
[2022-02-14T17:14:21.378Z] > git symbolic-ref --short HEAD [3ms]
[2022-02-14T17:14:21.390Z] > git for-each-ref --format=%(refname)%00%(upstream:short)%00%(objectname)%00%(upstream:track) refs/heads/main refs/remotes/main [7ms]
[2022-02-14T17:14:21.401Z] > git for-each-ref --sort -committerdate --format %(refname) %(objectname) %(*objectname) [6ms]
[2022-02-14T17:14:21.406Z] > git remote --verbose [6ms]
[2022-02-14T17:14:21.416Z] > git config --get commit.template [1ms]
[2022-02-14T17:15:08.183Z] > git symbolic-ref --short HEAD [6ms]
[2022-02-14T17:15:08.199Z] > git for-each-ref --format=%(refname)%00%(upstream:short)%00%(objectname)%00%(upstream:track) refs/heads/main refs/remotes/main [8ms]
[2022-02-14T17:15:08.214Z] > git for-each-ref --sort -committerdate --format %(refname) %(objectname) %(*objectname) [4ms]
[2022-02-14T17:15:08.221Z] > git remote --verbose [7ms]
[2022-02-14T17:15:08.236Z] > git config --get commit.template [5ms]
[2022-02-14T17:15:13.290Z] > git symbolic-ref --short HEAD [8ms]
[2022-02-14T17:15:13.307Z] > git for-each-ref --format=%(refname)%00%(upstream:short)%00%(objectname)%00%(upstream:track) refs/heads/main refs/remotes/main [6ms]
[2022-02-14T17:15:13.321Z] > git for-each-ref --sort -committerdate --format %(refname) %(objectname) %(*objectname) [11ms]
[2022-02-14T17:15:13.325Z] > git remote --verbose [7ms]
[2022-02-14T17:15:13.332Z] > git config --get commit.template [1ms]
[2022-02-14T17:15:18.769Z] > git symbolic-ref --short HEAD [5ms]
[2022-02-14T17:15:18.785Z] > git for-each-ref --format=%(refname)%00%(upstream:short)%00%(objectname)%00%(upstream:track) refs/heads/main refs/remotes/main [9ms]
[2022-02-14T17:15:18.803Z] > git for-each-ref --sort -committerdate --format %(refname) %(objectname) %(*objectname) [11ms]
[2022-02-14T17:15:18.808Z] > git remote --verbose [6ms]
[2022-02-14T17:15:18.825Z] > git config --get commit.template [10ms]
[2022-02-14T17:15:25.469Z] > git symbolic-ref --short HEAD [2ms]
[2022-02-14T17:15:25.475Z] > git for-each-ref --format=%(refname)%00%(upstream:short)%00%(objectname)%00%(upstream:track) refs/heads/main refs/remotes/main [3ms]
[2022-02-14T17:15:25.482Z] > git for-each-ref --sort -committerdate --format %(refname) %(objectname) %(*objectname) [5ms]
[2022-02-14T17:15:25.486Z] > git remote --verbose [5ms]
[2022-02-14T17:15:25.492Z] > git config --get commit.template [2ms]
[2022-02-14T17:16:41.022Z] > git symbolic-ref --short HEAD [2ms]
[2022-02-14T17:16:41.027Z] > git for-each-ref --format=%(refname)%00%(upstream:short)%00%(objectname)%00%(upstream:track) refs/heads/main refs/remotes/main [2ms]
[2022-02-14T17:16:41.034Z] > git for-each-ref --sort -committerdate --format %(refname) %(objectname) %(*objectname) [4ms]
[2022-02-14T17:16:41.037Z] > git remote --verbose [3ms]
[2022-02-14T17:16:41.042Z] > git config --get commit.template [1ms]
[2022-02-14T17:17:16.663Z] > git symbolic-ref --short HEAD [2ms]
[2022-02-14T17:17:16.670Z] > git for-each-ref --format=%(refname)%00%(upstream:short)%00%(objectname)%00%(upstream:track) refs/heads/main refs/remotes/main [3ms]
[2022-02-14T17:17:16.683Z] > git for-each-ref --sort -committerdate --format %(refname) %(objectname) %(*objectname) [5ms]
[2022-02-14T17:17:16.685Z] > git remote --verbose [2ms]
[2022-02-14T17:17:16.691Z] > git config --get commit.template [2ms]
[2022-02-14T17:18:02.922Z] > git symbolic-ref --short HEAD [2ms]
[2022-02-14T17:18:02.927Z] > git for-each-ref --format=%(refname)%00%(upstream:short)%00%(objectname)%00%(upstream:track) refs/heads/main refs/remotes/main [2ms]
[2022-02-14T17:18:02.934Z] > git for-each-ref --sort -committerdate --format %(refname) %(objectname) %(*objectname) [5ms]
[2022-02-14T17:18:02.936Z] > git remote --verbose [3ms]
[2022-02-14T17:18:02.941Z] > git config --get commit.template [1ms]
