[2022-02-14T11:22:47.836Z] Validating found git in: git
[2022-02-14T11:22:47.916Z] Using git 2.25.1 from git
[2022-02-14T15:59:11.591Z] > git rev-parse --git-dir [1ms]
[2022-02-14T15:59:11.607Z] Open repository: /home/jamal/selenium-example
[2022-02-14T15:59:11.631Z] > git symbolic-ref --short HEAD [3ms]
[2022-02-14T15:59:11.640Z] > git for-each-ref --format=%(refname)%00%(upstream:short)%00%(objectname)%00%(upstream:track) refs/heads/master refs/remotes/master [1ms]
[2022-02-14T15:59:11.651Z] > git for-each-ref --sort -committerdate --format %(refname) %(objectname) %(*objectname) [7ms]
[2022-02-14T15:59:11.652Z] > git remote --verbose [4ms]
[2022-02-14T15:59:11.663Z] > git config --get commit.template [6ms]
[2022-02-14T15:59:13.023Z] > git symbolic-ref --short HEAD [2ms]
[2022-02-14T15:59:13.028Z] > git for-each-ref --format=%(refname)%00%(upstream:short)%00%(objectname)%00%(upstream:track) refs/heads/main refs/remotes/main [2ms]
[2022-02-14T15:59:13.036Z] > git for-each-ref --sort -committerdate --format %(refname) %(objectname) %(*objectname) [5ms]
[2022-02-14T15:59:13.038Z] > git remote --verbose [3ms]
[2022-02-14T15:59:13.044Z] > git config --get commit.template [2ms]
[2022-02-14T15:59:39.643Z] > git symbolic-ref --short HEAD [4ms]
[2022-02-14T15:59:39.652Z] > git for-each-ref --format=%(refname)%00%(upstream:short)%00%(objectname)%00%(upstream:track) refs/heads/main refs/remotes/main [2ms]
[2022-02-14T15:59:39.667Z] > git for-each-ref --sort -committerdate --format %(refname) %(objectname) %(*objectname) [8ms]
[2022-02-14T15:59:39.669Z] > git remote --verbose [2ms]
[2022-02-14T15:59:39.679Z] > git config --get commit.template [2ms]
[2022-02-14T15:59:44.740Z] > git symbolic-ref --short HEAD [14ms]
[2022-02-14T15:59:44.762Z] > git for-each-ref --format=%(refname)%00%(upstream:short)%00%(objectname)%00%(upstream:track) refs/heads/main refs/remotes/main [14ms]
[2022-02-14T15:59:44.787Z] > git for-each-ref --sort -committerdate --format %(refname) %(objectname) %(*objectname) [17ms]
[2022-02-14T15:59:44.789Z] > git remote --verbose [12ms]
[2022-02-14T15:59:44.809Z] > git config --get commit.template [6ms]
[2022-02-14T15:59:47.623Z] > git ls-files --stage -- /home/jamal/selenium-example/requirements.txt [3ms]
[2022-02-14T15:59:47.634Z] > git cat-file -s 9cf028625822264cd5302121bd36be902c544f29 [3ms]
[2022-02-14T15:59:52.387Z] > git symbolic-ref --short HEAD [2ms]
[2022-02-14T15:59:52.392Z] > git for-each-ref --format=%(refname)%00%(upstream:short)%00%(objectname)%00%(upstream:track) refs/heads/main refs/remotes/main [2ms]
[2022-02-14T15:59:52.399Z] > git for-each-ref --sort -committerdate --format %(refname) %(objectname) %(*objectname) [5ms]
[2022-02-14T15:59:52.400Z] > git remote --verbose [2ms]
[2022-02-14T15:59:52.406Z] > git config --get commit.template [1ms]
[2022-02-14T16:00:01.436Z] > git ls-files --stage -- /home/jamal/selenium-example/create.py [2ms]
[2022-02-14T16:00:01.440Z] > git cat-file -s 36c41708bc501dae5692096f87f59a881ceab521 [1ms]
[2022-02-14T16:00:56.717Z] > git symbolic-ref --short HEAD [2ms]
[2022-02-14T16:00:56.723Z] > git for-each-ref --format=%(refname)%00%(upstream:short)%00%(objectname)%00%(upstream:track) refs/heads/main refs/remotes/main [3ms]
[2022-02-14T16:00:56.729Z] > git for-each-ref --sort -committerdate --format %(refname) %(objectname) %(*objectname) [4ms]
[2022-02-14T16:00:56.731Z] > git remote --verbose [2ms]
[2022-02-14T16:00:56.736Z] > git config --get commit.template [1ms]
[2022-02-14T16:04:32.626Z] > git ls-files --stage -- /home/jamal/selenium-example/tests/test_int.py [2ms]
[2022-02-14T16:04:32.630Z] > git cat-file -s b5678f98550b499fa54e3e19102684e39c648ee0 [1ms]
[2022-02-14T16:06:21.343Z] > git ls-files --stage -- /home/jamal/selenium-example/create.py [2ms]
[2022-02-14T16:06:21.347Z] > git cat-file -s 36c41708bc501dae5692096f87f59a881ceab521 [1ms]
[2022-02-14T16:09:07.957Z] > git symbolic-ref --short HEAD [3ms]
[2022-02-14T16:09:07.961Z] > git for-each-ref --format=%(refname)%00%(upstream:short)%00%(objectname)%00%(upstream:track) refs/heads/main refs/remotes/main [2ms]
[2022-02-14T16:09:07.968Z] > git for-each-ref --sort -committerdate --format %(refname) %(objectname) %(*objectname) [4ms]
[2022-02-14T16:09:07.970Z] > git remote --verbose [2ms]
[2022-02-14T16:09:07.979Z] > git config --get commit.template [2ms]
