[2022-02-17T10:18:24.656Z] Validating found git in: git
[2022-02-17T10:18:24.744Z] Using git 2.25.1 from git
[2022-02-17T10:18:24.893Z] > git rev-parse --git-dir [6ms]
[2022-02-17T10:18:24.903Z] Open repository: /home/jamal/flask
[2022-02-17T10:18:24.931Z] > git rev-parse --git-dir [2ms]
[2022-02-17T10:18:24.933Z] Open repository: /home/jamal/selenium-example
[2022-02-17T10:18:24.987Z] > git symbolic-ref --short HEAD [2ms]
[2022-02-17T10:18:24.999Z] > git for-each-ref --format=%(refname)%00%(upstream:short)%00%(objectname)%00%(upstream:track) refs/heads/main refs/remotes/main [9ms]
[2022-02-17T10:18:25.009Z] > git remote --verbose [4ms]
[2022-02-17T10:18:25.012Z] > git for-each-ref --sort -committerdate --format %(refname) %(objectname) %(*objectname) [10ms]
[2022-02-17T10:18:25.023Z] > git config --get commit.template [2ms]
[2022-02-17T10:18:25.171Z] > git symbolic-ref --short HEAD [2ms]
[2022-02-17T10:18:25.175Z] > git for-each-ref --format=%(refname)%00%(upstream:short)%00%(objectname)%00%(upstream:track) refs/heads/main refs/remotes/main [2ms]
[2022-02-17T10:18:25.187Z] > git for-each-ref --sort -committerdate --format %(refname) %(objectname) %(*objectname) [9ms]
[2022-02-17T10:18:25.190Z] > git remote --verbose [9ms]
[2022-02-17T10:18:25.196Z] > git config --get commit.template [1ms]
[2022-02-17T11:17:57.724Z] > git rev-parse --git-dir [2ms]
[2022-02-17T11:17:57.730Z] Open repository: /home/jamal
[2022-02-17T11:17:57.793Z] > git symbolic-ref --short HEAD [1ms]
[2022-02-17T11:17:57.797Z] > git for-each-ref --format=%(refname)%00%(upstream:short)%00%(objectname)%00%(upstream:track) refs/heads/master refs/remotes/master [2ms]
[2022-02-17T11:17:57.803Z] > git for-each-ref --sort -committerdate --format %(refname) %(objectname) %(*objectname) [4ms]
[2022-02-17T11:17:57.820Z] > git remote --verbose [18ms]
[2022-02-17T11:17:59.241Z] > git config --get commit.template [34ms]
[2022-02-17T11:17:59.813Z] > git ls-files --stage -- /home/jamal/scripting/script.sh [2ms]
[2022-02-17T11:18:03.308Z] > git symbolic-ref --short HEAD [4ms]
[2022-02-17T11:18:03.312Z] > git for-each-ref --format=%(refname)%00%(upstream:short)%00%(objectname)%00%(upstream:track) refs/heads/master refs/remotes/master [1ms]
[2022-02-17T11:18:03.319Z] > git for-each-ref --sort -committerdate --format %(refname) %(objectname) %(*objectname) [4ms]
[2022-02-17T11:18:03.321Z] > git remote --verbose [3ms]
[2022-02-17T11:18:03.425Z] > git config --get commit.template [5ms]
[2022-02-17T11:18:08.605Z] > git symbolic-ref --short HEAD [1ms]
[2022-02-17T11:18:08.610Z] > git for-each-ref --format=%(refname)%00%(upstream:short)%00%(objectname)%00%(upstream:track) refs/heads/master refs/remotes/master [1ms]
[2022-02-17T11:18:08.622Z] > git for-each-ref --sort -committerdate --format %(refname) %(objectname) %(*objectname) [9ms]
[2022-02-17T11:18:08.623Z] > git remote --verbose [2ms]
[2022-02-17T11:18:08.715Z] > git config --get commit.template [3ms]
[2022-02-17T11:18:14.609Z] > git ls-files --stage -- /home/jamal/scripting/script.sh [4ms]
[2022-02-17T11:18:14.643Z] > git symbolic-ref --short HEAD [2ms]
[2022-02-17T11:18:14.647Z] > git for-each-ref --format=%(refname)%00%(upstream:short)%00%(objectname)%00%(upstream:track) refs/heads/master refs/remotes/master [1ms]
[2022-02-17T11:18:14.654Z] > git for-each-ref --sort -committerdate --format %(refname) %(objectname) %(*objectname) [4ms]
[2022-02-17T11:18:14.655Z] > git remote --verbose [2ms]
[2022-02-17T11:18:14.758Z] > git config --get commit.template [4ms]
[2022-02-17T11:18:17.935Z] > git ls-files --stage -- /home/jamal/scripting/script.sh [1ms]
[2022-02-17T11:18:19.813Z] > git symbolic-ref --short HEAD [2ms]
[2022-02-17T11:18:19.825Z] > git for-each-ref --format=%(refname)%00%(upstream:short)%00%(objectname)%00%(upstream:track) refs/heads/master refs/remotes/master [3ms]
[2022-02-17T11:18:19.833Z] > git for-each-ref --sort -committerdate --format %(refname) %(objectname) %(*objectname) [5ms]
[2022-02-17T11:18:19.834Z] > git remote --verbose [2ms]
[2022-02-17T11:18:19.910Z] > git config --get commit.template [4ms]
[2022-02-17T11:18:24.958Z] > git symbolic-ref --short HEAD [2ms]
[2022-02-17T11:18:24.963Z] > git for-each-ref --format=%(refname)%00%(upstream:short)%00%(objectname)%00%(upstream:track) refs/heads/master refs/remotes/master [2ms]
[2022-02-17T11:18:24.970Z] > git for-each-ref --sort -committerdate --format %(refname) %(objectname) %(*objectname) [4ms]
[2022-02-17T11:18:24.972Z] > git remote --verbose [2ms]
[2022-02-17T11:18:25.047Z] > git config --get commit.template [2ms]
[2022-02-17T11:18:30.095Z] > git symbolic-ref --short HEAD [2ms]
[2022-02-17T11:18:30.099Z] > git for-each-ref --format=%(refname)%00%(upstream:short)%00%(objectname)%00%(upstream:track) refs/heads/master refs/remotes/master [1ms]
[2022-02-17T11:18:30.107Z] > git for-each-ref --sort -committerdate --format %(refname) %(objectname) %(*objectname) [5ms]
[2022-02-17T11:18:30.109Z] > git remote --verbose [3ms]
[2022-02-17T11:18:30.181Z] > git config --get commit.template [2ms]
[2022-02-17T11:18:37.301Z] > git symbolic-ref --short HEAD [1ms]
[2022-02-17T11:18:37.306Z] > git for-each-ref --format=%(refname)%00%(upstream:short)%00%(objectname)%00%(upstream:track) refs/heads/master refs/remotes/master [1ms]
[2022-02-17T11:18:37.314Z] > git for-each-ref --sort -committerdate --format %(refname) %(objectname) %(*objectname) [5ms]
[2022-02-17T11:18:37.315Z] > git remote --verbose [2ms]
[2022-02-17T11:18:37.390Z] > git config --get commit.template [2ms]
[2022-02-17T11:18:55.786Z] > git symbolic-ref --short HEAD [2ms]
[2022-02-17T11:18:55.791Z] > git for-each-ref --format=%(refname)%00%(upstream:short)%00%(objectname)%00%(upstream:track) refs/heads/master refs/remotes/master [1ms]
[2022-02-17T11:18:55.798Z] > git for-each-ref --sort -committerdate --format %(refname) %(objectname) %(*objectname) [4ms]
[2022-02-17T11:18:55.800Z] > git remote --verbose [3ms]
[2022-02-17T11:18:55.913Z] > git config --get commit.template [20ms]
[2022-02-17T11:19:05.222Z] > git symbolic-ref --short HEAD [1ms]
[2022-02-17T11:19:05.226Z] > git for-each-ref --format=%(refname)%00%(upstream:short)%00%(objectname)%00%(upstream:track) refs/heads/master refs/remotes/master [2ms]
[2022-02-17T11:19:05.233Z] > git for-each-ref --sort -committerdate --format %(refname) %(objectname) %(*objectname) [4ms]
[2022-02-17T11:19:05.234Z] > git remote --verbose [2ms]
[2022-02-17T11:19:05.311Z] > git config --get commit.template [4ms]
[2022-02-17T11:19:10.363Z] > git symbolic-ref --short HEAD [2ms]
[2022-02-17T11:19:10.368Z] > git for-each-ref --format=%(refname)%00%(upstream:short)%00%(objectname)%00%(upstream:track) refs/heads/master refs/remotes/master [2ms]
[2022-02-17T11:19:10.375Z] > git for-each-ref --sort -committerdate --format %(refname) %(objectname) %(*objectname) [4ms]
[2022-02-17T11:19:10.377Z] > git remote --verbose [3ms]
[2022-02-17T11:19:10.458Z] > git config --get commit.template [2ms]
[2022-02-17T11:19:15.505Z] > git symbolic-ref --short HEAD [1ms]
[2022-02-17T11:19:15.510Z] > git for-each-ref --format=%(refname)%00%(upstream:short)%00%(objectname)%00%(upstream:track) refs/heads/master refs/remotes/master [2ms]
[2022-02-17T11:19:15.517Z] > git for-each-ref --sort -committerdate --format %(refname) %(objectname) %(*objectname) [4ms]
[2022-02-17T11:19:15.518Z] > git remote --verbose [2ms]
[2022-02-17T11:19:15.600Z] > git config --get commit.template [2ms]
[2022-02-17T11:19:26.655Z] > git symbolic-ref --short HEAD [2ms]
[2022-02-17T11:19:26.660Z] > git for-each-ref --format=%(refname)%00%(upstream:short)%00%(objectname)%00%(upstream:track) refs/heads/master refs/remotes/master [1ms]
[2022-02-17T11:19:26.667Z] > git for-each-ref --sort -committerdate --format %(refname) %(objectname) %(*objectname) [4ms]
[2022-02-17T11:19:26.669Z] > git remote --verbose [3ms]
[2022-02-17T11:19:26.776Z] > git config --get commit.template [34ms]
[2022-02-17T11:19:31.826Z] > git symbolic-ref --short HEAD [2ms]
[2022-02-17T11:19:31.831Z] > git for-each-ref --format=%(refname)%00%(upstream:short)%00%(objectname)%00%(upstream:track) refs/heads/master refs/remotes/master [2ms]
[2022-02-17T11:19:31.838Z] > git for-each-ref --sort -committerdate --format %(refname) %(objectname) %(*objectname) [4ms]
[2022-02-17T11:19:31.840Z] > git remote --verbose [2ms]
[2022-02-17T11:19:31.920Z] > git config --get commit.template [2ms]
[2022-02-17T11:20:17.268Z] > git symbolic-ref --short HEAD [3ms]
[2022-02-17T11:20:17.274Z] > git for-each-ref --format=%(refname)%00%(upstream:short)%00%(objectname)%00%(upstream:track) refs/heads/master refs/remotes/master [2ms]
[2022-02-17T11:20:17.281Z] > git for-each-ref --sort -committerdate --format %(refname) %(objectname) %(*objectname) [4ms]
[2022-02-17T11:20:17.283Z] > git remote --verbose [3ms]
[2022-02-17T11:20:17.404Z] > git config --get commit.template [45ms]
[2022-02-17T11:20:22.450Z] > git symbolic-ref --short HEAD [2ms]
[2022-02-17T11:20:22.455Z] > git for-each-ref --format=%(refname)%00%(upstream:short)%00%(objectname)%00%(upstream:track) refs/heads/master refs/remotes/master [2ms]
[2022-02-17T11:20:22.462Z] > git for-each-ref --sort -committerdate --format %(refname) %(objectname) %(*objectname) [4ms]
[2022-02-17T11:20:22.464Z] > git remote --verbose [3ms]
[2022-02-17T11:20:22.546Z] > git config --get commit.template [3ms]
[2022-02-17T11:20:27.600Z] > git symbolic-ref --short HEAD [3ms]
[2022-02-17T11:20:27.609Z] > git for-each-ref --format=%(refname)%00%(upstream:short)%00%(objectname)%00%(upstream:track) refs/heads/master refs/remotes/master [2ms]
[2022-02-17T11:20:27.618Z] > git for-each-ref --sort -committerdate --format %(refname) %(objectname) %(*objectname) [5ms]
[2022-02-17T11:20:27.621Z] > git remote --verbose [3ms]
[2022-02-17T11:20:27.697Z] > git config --get commit.template [2ms]
[2022-02-17T11:20:32.743Z] > git symbolic-ref --short HEAD [2ms]
[2022-02-17T11:20:32.748Z] > git for-each-ref --format=%(refname)%00%(upstream:short)%00%(objectname)%00%(upstream:track) refs/heads/master refs/remotes/master [2ms]
[2022-02-17T11:20:32.755Z] > git for-each-ref --sort -committerdate --format %(refname) %(objectname) %(*objectname) [4ms]
[2022-02-17T11:20:32.757Z] > git remote --verbose [2ms]
[2022-02-17T11:20:32.833Z] > git config --get commit.template [3ms]
[2022-02-17T11:20:36.310Z] > git ls-files --stage -- /home/jamal/scripting/script.sh [2ms]
[2022-02-17T11:20:37.883Z] > git symbolic-ref --short HEAD [1ms]
[2022-02-17T11:20:37.888Z] > git for-each-ref --format=%(refname)%00%(upstream:short)%00%(objectname)%00%(upstream:track) refs/heads/master refs/remotes/master [1ms]
[2022-02-17T11:20:37.897Z] > git for-each-ref --sort -committerdate --format %(refname) %(objectname) %(*objectname) [5ms]
[2022-02-17T11:20:37.904Z] > git remote --verbose [8ms]
[2022-02-17T11:20:37.978Z] > git config --get commit.template [2ms]
[2022-02-17T11:20:44.008Z] > git symbolic-ref --short HEAD [2ms]
[2022-02-17T11:20:44.013Z] > git for-each-ref --format=%(refname)%00%(upstream:short)%00%(objectname)%00%(upstream:track) refs/heads/master refs/remotes/master [2ms]
[2022-02-17T11:20:44.020Z] > git for-each-ref --sort -committerdate --format %(refname) %(objectname) %(*objectname) [4ms]
[2022-02-17T11:20:44.022Z] > git remote --verbose [2ms]
[2022-02-17T11:20:44.100Z] > git config --get commit.template [5ms]
[2022-02-17T11:21:03.828Z] > git symbolic-ref --short HEAD [2ms]
[2022-02-17T11:21:03.835Z] > git for-each-ref --format=%(refname)%00%(upstream:short)%00%(objectname)%00%(upstream:track) refs/heads/master refs/remotes/master [1ms]
[2022-02-17T11:21:03.841Z] > git for-each-ref --sort -committerdate --format %(refname) %(objectname) %(*objectname) [4ms]
[2022-02-17T11:21:03.843Z] > git remote --verbose [2ms]
[2022-02-17T11:21:03.937Z] > git config --get commit.template [20ms]
[2022-02-17T11:21:11.160Z] > git ls-files --stage -- /home/jamal/scripting/script.sh [6ms]
[2022-02-17T11:21:11.188Z] > git symbolic-ref --short HEAD [2ms]
[2022-02-17T11:21:11.192Z] > git for-each-ref --format=%(refname)%00%(upstream:short)%00%(objectname)%00%(upstream:track) refs/heads/main refs/remotes/main [2ms]
[2022-02-17T11:21:11.199Z] > git for-each-ref --sort -committerdate --format %(refname) %(objectname) %(*objectname) [4ms]
[2022-02-17T11:21:11.201Z] > git remote --verbose [2ms]
[2022-02-17T11:21:11.274Z] > git config --get commit.template [2ms]
[2022-02-17T11:21:14.377Z] > git ls-files --stage -- /home/jamal/scripting/script.sh [2ms]
[2022-02-17T11:21:18.603Z] > git symbolic-ref --short HEAD [2ms]
[2022-02-17T11:21:18.609Z] > git for-each-ref --format=%(refname)%00%(upstream:short)%00%(objectname)%00%(upstream:track) refs/heads/main refs/remotes/main [3ms]
[2022-02-17T11:21:18.616Z] > git for-each-ref --sort -committerdate --format %(refname) %(objectname) %(*objectname) [4ms]
[2022-02-17T11:21:18.618Z] > git remote --verbose [2ms]
[2022-02-17T11:21:18.693Z] > git config --get commit.template [2ms]
[2022-02-17T11:21:22.902Z] > git ls-files --stage -- /home/jamal/scripting/script.sh [2ms]
[2022-02-17T11:21:23.741Z] > git symbolic-ref --short HEAD [1ms]
[2022-02-17T11:21:23.746Z] > git for-each-ref --format=%(refname)%00%(upstream:short)%00%(objectname)%00%(upstream:track) refs/heads/main refs/remotes/main [1ms]
[2022-02-17T11:21:23.754Z] > git for-each-ref --sort -committerdate --format %(refname) %(objectname) %(*objectname) [5ms]
[2022-02-17T11:21:23.756Z] > git remote --verbose [3ms]
[2022-02-17T11:21:23.835Z] > git config --get commit.template [4ms]
[2022-02-17T11:21:38.428Z] > git symbolic-ref --short HEAD [2ms]
[2022-02-17T11:21:38.434Z] > git for-each-ref --format=%(refname)%00%(upstream:short)%00%(objectname)%00%(upstream:track) refs/heads/main refs/remotes/main [2ms]
[2022-02-17T11:21:38.441Z] > git for-each-ref --sort -committerdate --format %(refname) %(objectname) %(*objectname) [4ms]
[2022-02-17T11:21:38.443Z] > git remote --verbose [3ms]
[2022-02-17T11:21:38.552Z] > git config --get commit.template [33ms]
[2022-02-17T11:21:43.602Z] > git symbolic-ref --short HEAD [1ms]
[2022-02-17T11:21:43.606Z] > git for-each-ref --format=%(refname)%00%(upstream:short)%00%(objectname)%00%(upstream:track) refs/heads/main refs/remotes/main [1ms]
[2022-02-17T11:21:43.614Z] > git for-each-ref --sort -committerdate --format %(refname) %(objectname) %(*objectname) [5ms]
[2022-02-17T11:21:43.616Z] > git remote --verbose [2ms]
[2022-02-17T11:21:43.690Z] > git config --get commit.template [3ms]
[2022-02-17T11:21:48.780Z] > git symbolic-ref --short HEAD [2ms]
[2022-02-17T11:21:48.794Z] > git for-each-ref --format=%(refname)%00%(upstream:short)%00%(objectname)%00%(upstream:track) refs/heads/main refs/remotes/main [2ms]
[2022-02-17T11:21:48.806Z] > git for-each-ref --sort -committerdate --format %(refname) %(objectname) %(*objectname) [5ms]
[2022-02-17T11:21:48.812Z] > git remote --verbose [6ms]
[2022-02-17T11:21:48.944Z] > git config --get commit.template [2ms]
[2022-02-17T11:21:54.030Z] > git symbolic-ref --short HEAD [3ms]
[2022-02-17T11:21:54.037Z] > git for-each-ref --format=%(refname)%00%(upstream:short)%00%(objectname)%00%(upstream:track) refs/heads/main refs/remotes/main [2ms]
[2022-02-17T11:21:54.046Z] > git for-each-ref --sort -committerdate --format %(refname) %(objectname) %(*objectname) [6ms]
[2022-02-17T11:21:54.053Z] > git remote --verbose [8ms]
[2022-02-17T11:21:54.176Z] > git config --get commit.template [6ms]
[2022-02-17T11:21:59.284Z] > git symbolic-ref --short HEAD [6ms]
[2022-02-17T11:21:59.296Z] > git for-each-ref --format=%(refname)%00%(upstream:short)%00%(objectname)%00%(upstream:track) refs/heads/main refs/remotes/main [5ms]
[2022-02-17T11:21:59.310Z] > git for-each-ref --sort -committerdate --format %(refname) %(objectname) %(*objectname) [9ms]
[2022-02-17T11:21:59.312Z] > git remote --verbose [2ms]
[2022-02-17T11:22:02.604Z] > git config --get commit.template [3162ms]
[2022-02-17T11:22:14.628Z] > git ls-files --stage -- /home/jamal/scripting/script.sh [9ms]
[2022-02-17T11:22:14.633Z] > git cat-file -s f6e263570b090d4aa0f4ff998296502d22bb5a39 [1ms]
[2022-02-17T11:22:14.718Z] > git symbolic-ref --short HEAD [1ms]
[2022-02-17T11:22:14.723Z] > git for-each-ref --format=%(refname)%00%(upstream:short)%00%(objectname)%00%(upstream:track) refs/heads/main refs/remotes/main [2ms]
[2022-02-17T11:22:14.730Z] > git for-each-ref --sort -committerdate --format %(refname) %(objectname) %(*objectname) [4ms]
[2022-02-17T11:22:14.732Z] > git remote --verbose [2ms]
[2022-02-17T11:22:14.846Z] > git config --get commit.template [36ms]
[2022-02-17T11:22:19.918Z] > git symbolic-ref --short HEAD [2ms]
[2022-02-17T11:22:19.923Z] > git for-each-ref --format=%(refname)%00%(upstream:short)%00%(objectname)%00%(upstream:track) refs/heads/main refs/remotes/main [2ms]
[2022-02-17T11:22:19.930Z] > git for-each-ref --sort -committerdate --format %(refname) %(objectname) %(*objectname) [4ms]
[2022-02-17T11:22:19.931Z] > git remote --verbose [2ms]
[2022-02-17T11:22:20.018Z] > git config --get commit.template [3ms]
[2022-02-17T11:22:25.090Z] > git symbolic-ref --short HEAD [2ms]
[2022-02-17T11:22:25.095Z] > git for-each-ref --format=%(refname)%00%(upstream:short)%00%(objectname)%00%(upstream:track) refs/heads/main refs/remotes/main [1ms]
[2022-02-17T11:22:25.103Z] > git for-each-ref --sort -committerdate --format %(refname) %(objectname) %(*objectname) [4ms]
[2022-02-17T11:22:25.105Z] > git remote --verbose [2ms]
[2022-02-17T11:22:25.181Z] > git config --get commit.template [2ms]
[2022-02-17T11:22:30.255Z] > git symbolic-ref --short HEAD [2ms]
[2022-02-17T11:22:30.259Z] > git for-each-ref --format=%(refname)%00%(upstream:short)%00%(objectname)%00%(upstream:track) refs/heads/main refs/remotes/main [1ms]
[2022-02-17T11:22:30.267Z] > git for-each-ref --sort -committerdate --format %(refname) %(objectname) %(*objectname) [5ms]
[2022-02-17T11:22:30.269Z] > git remote --verbose [3ms]
[2022-02-17T11:22:30.360Z] > git config --get commit.template [2ms]
[2022-02-17T11:22:35.434Z] > git symbolic-ref --short HEAD [2ms]
[2022-02-17T11:22:35.438Z] > git for-each-ref --format=%(refname)%00%(upstream:short)%00%(objectname)%00%(upstream:track) refs/heads/main refs/remotes/main [1ms]
[2022-02-17T11:22:35.446Z] > git for-each-ref --sort -committerdate --format %(refname) %(objectname) %(*objectname) [5ms]
[2022-02-17T11:22:35.447Z] > git remote --verbose [2ms]
[2022-02-17T11:22:35.524Z] > git config --get commit.template [2ms]
[2022-02-17T11:22:40.596Z] > git symbolic-ref --short HEAD [2ms]
[2022-02-17T11:22:40.601Z] > git for-each-ref --format=%(refname)%00%(upstream:short)%00%(objectname)%00%(upstream:track) refs/heads/main refs/remotes/main [2ms]
[2022-02-17T11:22:40.608Z] > git for-each-ref --sort -committerdate --format %(refname) %(objectname) %(*objectname) [4ms]
[2022-02-17T11:22:40.609Z] > git remote --verbose [2ms]
[2022-02-17T11:22:40.685Z] > git config --get commit.template [2ms]
[2022-02-17T11:22:45.763Z] > git symbolic-ref --short HEAD [2ms]
[2022-02-17T11:22:45.768Z] > git for-each-ref --format=%(refname)%00%(upstream:short)%00%(objectname)%00%(upstream:track) refs/heads/main refs/remotes/main [2ms]
[2022-02-17T11:22:45.776Z] > git for-each-ref --sort -committerdate --format %(refname) %(objectname) %(*objectname) [5ms]
[2022-02-17T11:22:45.777Z] > git remote --verbose [2ms]
[2022-02-17T11:22:45.856Z] > git config --get commit.template [3ms]
[2022-02-17T11:22:50.928Z] > git symbolic-ref --short HEAD [2ms]
[2022-02-17T11:22:50.933Z] > git for-each-ref --format=%(refname)%00%(upstream:short)%00%(objectname)%00%(upstream:track) refs/heads/main refs/remotes/main [2ms]
[2022-02-17T11:22:50.941Z] > git for-each-ref --sort -committerdate --format %(refname) %(objectname) %(*objectname) [5ms]
[2022-02-17T11:22:50.942Z] > git remote --verbose [2ms]
[2022-02-17T11:22:51.018Z] > git config --get commit.template [2ms]
[2022-02-17T11:22:53.275Z] > git -c user.useConfigOnly=true commit --quiet --allow-empty-message --file - [273ms]
[2022-02-17T11:22:53.327Z] > git symbolic-ref --short HEAD [2ms]
[2022-02-17T11:22:53.333Z] > git for-each-ref --format=%(refname)%00%(upstream:short)%00%(objectname)%00%(upstream:track) refs/heads/main refs/remotes/main [3ms]
[2022-02-17T11:22:53.341Z] > git for-each-ref --sort -committerdate --format %(refname) %(objectname) %(*objectname) [5ms]
[2022-02-17T11:22:53.342Z] > git remote --verbose [2ms]
[2022-02-17T11:22:53.375Z] > git config --get commit.template [2ms]
[2022-02-17T11:22:56.969Z] > git ls-files --stage -- /home/jamal/scripting/script.sh [9ms]
[2022-02-17T11:22:56.976Z] > git cat-file -s f6e263570b090d4aa0f4ff998296502d22bb5a39 [3ms]
[2022-02-17T11:22:57.011Z] > git symbolic-ref --short HEAD [1ms]
[2022-02-17T11:22:57.018Z] > git for-each-ref --format=%(refname)%00%(upstream:short)%00%(objectname)%00%(upstream:track) refs/heads/main refs/remotes/main [4ms]
[2022-02-17T11:22:57.026Z] > git for-each-ref --sort -committerdate --format %(refname) %(objectname) %(*objectname) [5ms]
[2022-02-17T11:22:57.027Z] > git remote --verbose [2ms]
[2022-02-17T11:22:57.033Z] > git config --get commit.template [2ms]
[2022-02-17T11:23:02.085Z] > git symbolic-ref --short HEAD [2ms]
[2022-02-17T11:23:02.089Z] > git for-each-ref --format=%(refname)%00%(upstream:short)%00%(objectname)%00%(upstream:track) refs/heads/main refs/remotes/main [2ms]
[2022-02-17T11:23:02.095Z] > git for-each-ref --sort -committerdate --format %(refname) %(objectname) %(*objectname) [4ms]
[2022-02-17T11:23:02.097Z] > git remote --verbose [2ms]
[2022-02-17T11:23:02.102Z] > git config --get commit.template [1ms]
[2022-02-17T11:23:07.153Z] > git symbolic-ref --short HEAD [2ms]
[2022-02-17T11:23:07.157Z] > git for-each-ref --format=%(refname)%00%(upstream:short)%00%(objectname)%00%(upstream:track) refs/heads/main refs/remotes/main [2ms]
[2022-02-17T11:23:07.168Z] > git for-each-ref --sort -committerdate --format %(refname) %(objectname) %(*objectname) [9ms]
[2022-02-17T11:23:07.170Z] > git remote --verbose [7ms]
[2022-02-17T11:23:07.175Z] > git config --get commit.template [2ms]
[2022-02-17T11:23:12.227Z] > git symbolic-ref --short HEAD [2ms]
[2022-02-17T11:23:12.232Z] > git for-each-ref --format=%(refname)%00%(upstream:short)%00%(objectname)%00%(upstream:track) refs/heads/main refs/remotes/main [1ms]
[2022-02-17T11:23:12.239Z] > git for-each-ref --sort -committerdate --format %(refname) %(objectname) %(*objectname) [5ms]
[2022-02-17T11:23:12.241Z] > git remote --verbose [3ms]
[2022-02-17T11:23:12.246Z] > git config --get commit.template [2ms]
[2022-02-17T11:23:15.344Z] > git log --format=%H%n%aN%n%aE%n%at%n%ct%n%P%n%B -z -n21 -- /home/jamal/scripting/script.sh [3ms]
[2022-02-17T11:23:17.298Z] > git symbolic-ref --short HEAD [2ms]
[2022-02-17T11:23:17.302Z] > git for-each-ref --format=%(refname)%00%(upstream:short)%00%(objectname)%00%(upstream:track) refs/heads/main refs/remotes/main [1ms]
[2022-02-17T11:23:17.309Z] > git for-each-ref --sort -committerdate --format %(refname) %(objectname) %(*objectname) [3ms]
[2022-02-17T11:23:17.310Z] > git remote --verbose [2ms]
[2022-02-17T11:23:17.316Z] > git config --get commit.template [2ms]
[2022-02-17T11:23:22.367Z] > git symbolic-ref --short HEAD [2ms]
[2022-02-17T11:23:22.371Z] > git for-each-ref --format=%(refname)%00%(upstream:short)%00%(objectname)%00%(upstream:track) refs/heads/main refs/remotes/main [1ms]
[2022-02-17T11:23:22.378Z] > git for-each-ref --sort -committerdate --format %(refname) %(objectname) %(*objectname) [4ms]
[2022-02-17T11:23:22.379Z] > git remote --verbose [2ms]
[2022-02-17T11:23:22.386Z] > git config --get commit.template [3ms]
[2022-02-17T11:23:27.438Z] > git symbolic-ref --short HEAD [3ms]
[2022-02-17T11:23:27.442Z] > git for-each-ref --format=%(refname)%00%(upstream:short)%00%(objectname)%00%(upstream:track) refs/heads/main refs/remotes/main [1ms]
[2022-02-17T11:23:27.449Z] > git for-each-ref --sort -committerdate --format %(refname) %(objectname) %(*objectname) [4ms]
[2022-02-17T11:23:27.450Z] > git remote --verbose [2ms]
[2022-02-17T11:23:27.455Z] > git config --get commit.template [1ms]
