[2022-02-15T11:05:47.441Z] Validating found git in: git
[2022-02-15T11:05:47.478Z] Using git 2.25.1 from git
[2022-02-15T11:05:47.579Z] > git rev-parse --git-dir [33ms]
[2022-02-15T11:05:47.585Z] Open repository: /home/jamal/selenium-example
[2022-02-15T11:05:47.617Z] > git symbolic-ref --short HEAD [4ms]
[2022-02-15T11:05:47.630Z] > git for-each-ref --format=%(refname)%00%(upstream:short)%00%(objectname)%00%(upstream:track) refs/heads/main refs/remotes/main [9ms]
[2022-02-15T11:05:47.645Z] > git for-each-ref --sort -committerdate --format %(refname) %(objectname) %(*objectname) [12ms]
[2022-02-15T11:05:47.645Z] > git remote --verbose [8ms]
[2022-02-15T11:05:47.661Z] > git config --get commit.template [8ms]
[2022-02-15T11:05:47.936Z] > git ls-files --stage -- /home/jamal/selenium-example/tests/test_int.py [4ms]
[2022-02-15T11:05:47.940Z] > git cat-file -s b5678f98550b499fa54e3e19102684e39c648ee0 [1ms]
[2022-02-15T11:06:41.679Z] > git symbolic-ref --short HEAD [7ms]
[2022-02-15T11:06:41.695Z] > git for-each-ref --format=%(refname)%00%(upstream:short)%00%(objectname)%00%(upstream:track) refs/heads/main refs/remotes/main [6ms]
[2022-02-15T11:06:41.710Z] > git for-each-ref --sort -committerdate --format %(refname) %(objectname) %(*objectname) [7ms]
[2022-02-15T11:06:41.716Z] > git remote --verbose [7ms]
[2022-02-15T11:06:41.742Z] > git config --get commit.template [6ms]
[2022-02-15T11:06:46.762Z] > git symbolic-ref --short HEAD [3ms]
[2022-02-15T11:06:46.766Z] > git for-each-ref --format=%(refname)%00%(upstream:short)%00%(objectname)%00%(upstream:track) refs/heads/main refs/remotes/main [2ms]
[2022-02-15T11:06:46.778Z] > git for-each-ref --sort -committerdate --format %(refname) %(objectname) %(*objectname) [9ms]
[2022-02-15T11:06:46.780Z] > git remote --verbose [8ms]
[2022-02-15T11:06:46.785Z] > git config --get commit.template [1ms]
[2022-02-15T11:07:50.662Z] > git symbolic-ref --short HEAD [2ms]
[2022-02-15T11:07:50.667Z] > git for-each-ref --format=%(refname)%00%(upstream:short)%00%(objectname)%00%(upstream:track) refs/heads/main refs/remotes/main [2ms]
[2022-02-15T11:07:50.674Z] > git for-each-ref --sort -committerdate --format %(refname) %(objectname) %(*objectname) [5ms]
[2022-02-15T11:07:50.676Z] > git remote --verbose [3ms]
[2022-02-15T11:07:50.682Z] > git config --get commit.template [1ms]
[2022-02-15T11:07:59.178Z] > git ls-files --stage -- /home/jamal/selenium-example/application/forms.py [3ms]
[2022-02-15T11:07:59.182Z] > git cat-file -s 04cd7b1a9073761a4f2fb93ab84ae8369737960d [1ms]
