[2022-02-17 10:18:24.185] [exthost] [info] Extension host with pid 2118 started
[2022-02-17 10:18:24.187] [exthost] [error] Error: EEXIST: file already exists, open '/home/jamal/.vscode-server/data/User/workspaceStorage/06ef82f1587b9aad2da6775fff56f3c5/vscode.lock'
[2022-02-17 10:18:24.191] [exthost] [info] Lock '/home/jamal/.vscode-server/data/User/workspaceStorage/06ef82f1587b9aad2da6775fff56f3c5/vscode.lock': Could not acquire lock, checking if the file is stale.
[2022-02-17 10:18:24.192] [exthost] [info] Lock '/home/jamal/.vscode-server/data/User/workspaceStorage/06ef82f1587b9aad2da6775fff56f3c5/vscode.lock': The pid 44721 appears to be gone.
[2022-02-17 10:18:24.192] [exthost] [info] Lock '/home/jamal/.vscode-server/data/User/workspaceStorage/06ef82f1587b9aad2da6775fff56f3c5/vscode.lock': Deleting a stale lock.
[2022-02-17 10:18:24.215] [exthost] [info] Lock '/home/jamal/.vscode-server/data/User/workspaceStorage/06ef82f1587b9aad2da6775fff56f3c5/vscode.lock': Lock acquired.
[2022-02-17 10:18:24.311] [exthost] [info] ExtensionService#_doActivateExtension vscode.debug-auto-launch, startup: true, activationEvent: '*'
[2022-02-17 10:18:24.330] [exthost] [info] ExtensionService#_doActivateExtension vscode.git-base, startup: true, activationEvent: '*', root cause: vscode.github
[2022-02-17 10:18:24.507] [exthost] [info] ExtensionService#_doActivateExtension vscode.git, startup: true, activationEvent: '*'
[2022-02-17 10:18:24.607] [exthost] [info] ExtensionService#_doActivateExtension vscode.github, startup: true, activationEvent: '*'
[2022-02-17 10:18:24.765] [exthost] [info] ExtensionService#_doActivateExtension vscode.emmet, startup: false, activationEvent: 'onStartupFinished'
[2022-02-17 10:18:24.784] [exthost] [info] ExtensionService#_doActivateExtension vscode.merge-conflict, startup: false, activationEvent: 'onStartupFinished'
[2022-02-17 10:18:24.787] [exthost] [info] Eager extensions activated
[2022-02-17 11:17:57.966] [exthost] [warning] [Decorations] CAPPING events from decorations provider vscode.git 6254
[2022-02-17 11:18:03.399] [exthost] [warning] [Decorations] CAPPING events from decorations provider vscode.git 6254
[2022-02-17 11:18:08.691] [exthost] [warning] [Decorations] CAPPING events from decorations provider vscode.git 6254
[2022-02-17 11:18:14.733] [exthost] [warning] [Decorations] CAPPING events from decorations provider vscode.git 6254
[2022-02-17 11:18:19.890] [exthost] [warning] [Decorations] CAPPING events from decorations provider vscode.git 6254
[2022-02-17 11:18:25.029] [exthost] [warning] [Decorations] CAPPING events from decorations provider vscode.git 6253
[2022-02-17 11:18:30.166] [exthost] [warning] [Decorations] CAPPING events from decorations provider vscode.git 6253
[2022-02-17 11:18:37.370] [exthost] [warning] [Decorations] CAPPING events from decorations provider vscode.git 6253
[2022-02-17 11:18:55.878] [exthost] [warning] [Decorations] CAPPING events from decorations provider vscode.git 6253
[2022-02-17 11:19:05.295] [exthost] [warning] [Decorations] CAPPING events from decorations provider vscode.git 6253
[2022-02-17 11:19:10.434] [exthost] [warning] [Decorations] CAPPING events from decorations provider vscode.git 6253
[2022-02-17 11:19:15.579] [exthost] [warning] [Decorations] CAPPING events from decorations provider vscode.git 6253
[2022-02-17 11:19:26.728] [exthost] [warning] [Decorations] CAPPING events from decorations provider vscode.git 6254
[2022-02-17 11:19:31.902] [exthost] [warning] [Decorations] CAPPING events from decorations provider vscode.git 6254
[2022-02-17 11:20:17.342] [exthost] [warning] [Decorations] CAPPING events from decorations provider vscode.git 6254
[2022-02-17 11:20:22.530] [exthost] [warning] [Decorations] CAPPING events from decorations provider vscode.git 6254
[2022-02-17 11:20:27.679] [exthost] [warning] [Decorations] CAPPING events from decorations provider vscode.git 6254
[2022-02-17 11:20:32.815] [exthost] [warning] [Decorations] CAPPING events from decorations provider vscode.git 6254
[2022-02-17 11:20:37.961] [exthost] [warning] [Decorations] CAPPING events from decorations provider vscode.git 6254
[2022-02-17 11:20:44.077] [exthost] [warning] [Decorations] CAPPING events from decorations provider vscode.git 6254
[2022-02-17 11:21:03.902] [exthost] [warning] [Decorations] CAPPING events from decorations provider vscode.git 6254
[2022-02-17 11:21:11.257] [exthost] [warning] [Decorations] CAPPING events from decorations provider vscode.git 6254
[2022-02-17 11:21:18.673] [exthost] [warning] [Decorations] CAPPING events from decorations provider vscode.git 6254
[2022-02-17 11:21:23.816] [exthost] [warning] [Decorations] CAPPING events from decorations provider vscode.git 6254
[2022-02-17 11:21:38.504] [exthost] [warning] [Decorations] CAPPING events from decorations provider vscode.git 6254
[2022-02-17 11:21:43.674] [exthost] [warning] [Decorations] CAPPING events from decorations provider vscode.git 6254
[2022-02-17 11:21:48.913] [exthost] [warning] [Decorations] CAPPING events from decorations provider vscode.git 6254
[2022-02-17 11:21:54.144] [exthost] [warning] [Decorations] CAPPING events from decorations provider vscode.git 6254
[2022-02-17 11:21:59.410] [exthost] [warning] [Decorations] CAPPING events from decorations provider vscode.git 6254
